<?xml version="1.0" encoding="UTF-8"?>
<testsuite name="uk.sky.cqlmigrate.CassandraLockingMechanismTest" tests="14" skipped="0" failures="0" errors="0" timestamp="2017-09-01T07:02:38" hostname="mirek-HP-Pavilion-g6-Notebook-PC" time="32.079">
  <properties/>
  <testcase name="shouldThrowExceptionIfQueryFailsToExecuteWhenReleasingLock" classname="uk.sky.cqlmigrate.CassandraLockingMechanismTest" time="2.328"/>
  <testcase name="shouldInsertLockWhenAcquiringLock" classname="uk.sky.cqlmigrate.CassandraLockingMechanismTest" time="2.287"/>
  <testcase name="shouldSuccessfullyReleaseLockWhenNoLockFound" classname="uk.sky.cqlmigrate.CassandraLockingMechanismTest" time="2.294"/>
  <testcase name="shouldReturnFalseIfDeleteNotAppliedButClientIsUs" classname="uk.sky.cqlmigrate.CassandraLockingMechanismTest" time="2.292"/>
  <testcase name="shouldSuccessfullyAcquireLockWhenInsertIsApplied" classname="uk.sky.cqlmigrate.CassandraLockingMechanismTest" time="2.283"/>
  <testcase name="shouldPrepareDeleteLocksQueryWhenInit" classname="uk.sky.cqlmigrate.CassandraLockingMechanismTest" time="2.281"/>
  <testcase name="shouldDeleteLockWhenReleasingLock" classname="uk.sky.cqlmigrate.CassandraLockingMechanismTest" time="2.286"/>
  <testcase name="shouldThrowCannotReleaseLockExceptionWhenLockNotHeldByUs" classname="uk.sky.cqlmigrate.CassandraLockingMechanismTest" time="2.293"/>
  <testcase name="shouldThrowExceptionIfQueryFailsToExecuteWhenAcquiringLock" classname="uk.sky.cqlmigrate.CassandraLockingMechanismTest" time="2.294"/>
  <testcase name="shouldUnsuccessfullyAcquireLockWhenInsertIsNotApplied" classname="uk.sky.cqlmigrate.CassandraLockingMechanismTest" time="2.285"/>
  <testcase name="shouldSuccessfullyAcquireLockWhenLockIsAlreadyAcquired" classname="uk.sky.cqlmigrate.CassandraLockingMechanismTest" time="2.285"/>
  <testcase name="shouldSuccessfullyReleaseLockWhenRetryingAfterWriteTimeOutButDoesNotHoldLockNow" classname="uk.sky.cqlmigrate.CassandraLockingMechanismTest" time="2.314"/>
  <testcase name="shouldPrepareInsertLocksQueryWhenInit" classname="uk.sky.cqlmigrate.CassandraLockingMechanismTest" time="2.279"/>
  <testcase name="shouldUnsuccessfullyAcquireLockWhenWriteTimeoutOccurs" classname="uk.sky.cqlmigrate.CassandraLockingMechanismTest" time="2.271"/>
  <system-out><![CDATA[08:02:38.776 [CassandraServerStub-40991-43935-akka.actor.default-dispatcher-3] INFO  o.s.server.priming.PrimingServer - Opening port 43935 for priming
08:02:38.779 [CassandraServerStub-40991-43935-akka.actor.default-dispatcher-6] INFO  o.s.server.ServerReadyListener - ServerReady - Forwarding ServerReady to listener.
[INFO] [09/01/2017 08:02:38.779] [CassandraServerStub-40991-43935-akka.actor.default-dispatcher-6] [akka://CassandraServerStub-40991-43935/user/BinaryTcpListener] Port 40991 ready for Cassandra binary connections. Actor[akka://CassandraServerStub-40991-43935/system/IO-TCP/selectors/$a/0#1865106209]
08:02:38.781 [CassandraServerStub-40991-43935-akka.actor.default-dispatcher-3] INFO  o.s.server.priming.PrimingServer - Priming server bound to admin port 43935
[INFO] [09/01/2017 08:02:38.781] [CassandraServerStub-40991-43935-akka.actor.default-dispatcher-3] [akka://CassandraServerStub-40991-43935/user/IO-HTTP/listener-0] Bound to localhost/127.0.0.1:43935
08:02:38.781 [CassandraServerStub-40991-43935-akka.actor.default-dispatcher-3] INFO  o.s.server.ServerReadyListener - ServerReady - Forwarding ServerReady to listener.
08:02:38.804 [CassandraServerStub-40991-43935-akka.actor.default-dispatcher-3] INFO  o.s.server.priming.ActivityLog - Clearing prepared statement preparations
08:02:38.804 [Test worker] INFO  c.datastax.driver.core.ClockFactory - Using native clock to generate timestamps.
08:02:38.807 [Test worker] INFO  o.s.http.client.PrimingClient - Sending {"when":{"query":"INSERT INTO cqlmigrate.locks (name, client) VALUES (?, ?) IF NOT EXISTS"},"then":{"variable_types":["text","text"],"rows":[{"[applied]":true}],"column_types":{"[applied]":"boolean"}}} to url http://localhost:43935/prime-prepared-single
08:02:38.810 [CassandraServerStub-40991-43935-akka.actor.default-dispatcher-3] INFO  o.s.s.cqlmessages.types.ColumnType$ - Type is Some(CqlText)
08:02:38.810 [CassandraServerStub-40991-43935-akka.actor.default-dispatcher-3] INFO  o.s.s.cqlmessages.types.ColumnType$ - Type is Some(CqlText)
08:02:38.810 [CassandraServerStub-40991-43935-akka.actor.default-dispatcher-3] INFO  o.s.s.cqlmessages.types.ColumnType$ - Type is Some(CqlBoolean)
08:02:38.811 [CassandraServerStub-40991-43935-akka.actor.default-dispatcher-3] INFO  o.s.s.p.prepared.PrimePreparedStore - Storing prime for prepared statement PreparedPrime(List(CqlText, CqlText),Prime(List(Map([applied] -> true)),SuccessResult,Map([applied] -> CqlBoolean),,,None,List())) with prime criteria PrimeCriteria(INSERT INTO cqlmigrate.locks (name, client) VALUES (?, ?) IF NOT EXISTS,List(org.scassandra.server.cqlmessages.ANY$@24c20390, org.scassandra.server.cqlmessages.ONE$@1006a4ce, org.scassandra.server.cqlmessages.TWO$@7a80aae3, org.scassandra.server.cqlmessages.THREE$@42172f91, org.scassandra.server.cqlmessages.QUORUM$@1ab5ec8c, org.scassandra.server.cqlmessages.ALL$@2edfb2c9, org.scassandra.server.cqlmessages.LOCAL_QUORUM$@51f7c243, org.scassandra.server.cqlmessages.EACH_QUORUM$@2a67044b, org.scassandra.server.cqlmessages.SERIAL$@1f034c07, org.scassandra.server.cqlmessages.LOCAL_SERIAL$@4c19fcd4, org.scassandra.server.cqlmessages.LOCAL_ONE$@2313cace),false)
08:02:38.812 [Test worker] INFO  o.s.http.client.PrimingClient - Sending {"when":{"query":"DELETE FROM cqlmigrate.locks WHERE name \u003d ? IF client \u003d ?"},"then":{"variable_types":["text","text"],"rows":[{"[applied]":true}],"column_types":{"[applied]":"boolean"}}} to url http://localhost:43935/prime-prepared-single
08:02:38.815 [CassandraServerStub-40991-43935-akka.actor.default-dispatcher-3] INFO  o.s.s.cqlmessages.types.ColumnType$ - Type is Some(CqlText)
08:02:38.815 [CassandraServerStub-40991-43935-akka.actor.default-dispatcher-3] INFO  o.s.s.cqlmessages.types.ColumnType$ - Type is Some(CqlText)
08:02:38.815 [CassandraServerStub-40991-43935-akka.actor.default-dispatcher-3] INFO  o.s.s.cqlmessages.types.ColumnType$ - Type is Some(CqlBoolean)
08:02:38.816 [CassandraServerStub-40991-43935-akka.actor.default-dispatcher-3] INFO  o.s.s.p.prepared.PrimePreparedStore - Storing prime for prepared statement PreparedPrime(List(CqlText, CqlText),Prime(List(Map([applied] -> true)),SuccessResult,Map([applied] -> CqlBoolean),,,None,List())) with prime criteria PrimeCriteria(DELETE FROM cqlmigrate.locks WHERE name = ? IF client = ?,List(org.scassandra.server.cqlmessages.ANY$@24c20390, org.scassandra.server.cqlmessages.ONE$@1006a4ce, org.scassandra.server.cqlmessages.TWO$@7a80aae3, org.scassandra.server.cqlmessages.THREE$@42172f91, org.scassandra.server.cqlmessages.QUORUM$@1ab5ec8c, org.scassandra.server.cqlmessages.ALL$@2edfb2c9, org.scassandra.server.cqlmessages.LOCAL_QUORUM$@51f7c243, org.scassandra.server.cqlmessages.EACH_QUORUM$@2a67044b, org.scassandra.server.cqlmessages.SERIAL$@1f034c07, org.scassandra.server.cqlmessages.LOCAL_SERIAL$@4c19fcd4, org.scassandra.server.cqlmessages.LOCAL_ONE$@2313cace),false)
[WARN] [09/01/2017 08:02:38.824] [CassandraServerStub-40991-43935-akka.actor.default-dispatcher-5] [akka://CassandraServerStub-40991-43935/user/BinaryTcpListener/127.0.0.1:40826] Received protocol version 4, currently only one and two supported so sending an unsupported protocol error to get the driver to use an older version of the protocol.
[INFO] [09/01/2017 08:02:38.825] [CassandraServerStub-40991-43935-akka.actor.default-dispatcher-5] [akka://CassandraServerStub-40991-43935/user/BinaryTcpListener/127.0.0.1:40826] Client disconnected: PeerClosed
[INFO] [09/01/2017 08:02:38.828] [CassandraServerStub-40991-43935-akka.actor.default-dispatcher-6] [akka://CassandraServerStub-40991-43935/user/BinaryTcpListener/127.0.0.1:40828/$a] Sending ready message to Actor[akka://CassandraServerStub-40991-43935/user/BinaryTcpListener/127.0.0.1:40828#-798288591]
[INFO] [09/01/2017 08:02:38.830] [CassandraServerStub-40991-43935-akka.actor.default-dispatcher-4] [akka://CassandraServerStub-40991-43935/user/BinaryTcpListener/127.0.0.1:40828/$a/$a] No prime found for SELECT * FROM system.local WHERE key='local'
[INFO] [09/01/2017 08:02:38.830] [CassandraServerStub-40991-43935-akka.actor.default-dispatcher-4] [akka://CassandraServerStub-40991-43935/user/BinaryTcpListener/127.0.0.1:40828/$a/$a] Incoming query: SELECT * FROM system.local WHERE key='local' at consistency: org.scassandra.server.cqlmessages.ONE$@1006a4ce
[INFO] [09/01/2017 08:02:38.830] [CassandraServerStub-40991-43935-akka.actor.default-dispatcher-4] [akka://CassandraServerStub-40991-43935/user/BinaryTcpListener/127.0.0.1:40828/$a/$a] No prime found for SELECT * FROM system.peers
08:02:38.831 [Test worker] WARN  c.d.driver.core.ControlConnection - Cannot find Cassandra version for host localhost/127.0.0.1:40991 to parse the schema, using 2.0.0 based on protocol version in use. If parsing the schema fails, this could be the cause
[INFO] [09/01/2017 08:02:38.830] [CassandraServerStub-40991-43935-akka.actor.default-dispatcher-4] [akka://CassandraServerStub-40991-43935/user/BinaryTcpListener/127.0.0.1:40828/$a/$a] Incoming query: SELECT * FROM system.peers at consistency: org.scassandra.server.cqlmessages.ONE$@1006a4ce
[INFO] [09/01/2017 08:02:38.832] [CassandraServerStub-40991-43935-akka.actor.default-dispatcher-5] [akka://CassandraServerStub-40991-43935/user/BinaryTcpListener/127.0.0.1:40828/$a/$a] No prime found for SELECT * FROM system.schema_keyspaces
[INFO] [09/01/2017 08:02:38.832] [CassandraServerStub-40991-43935-akka.actor.default-dispatcher-5] [akka://CassandraServerStub-40991-43935/user/BinaryTcpListener/127.0.0.1:40828/$a/$a] Incoming query: SELECT * FROM system.schema_keyspaces at consistency: org.scassandra.server.cqlmessages.ONE$@1006a4ce
[INFO] [09/01/2017 08:02:38.832] [CassandraServerStub-40991-43935-akka.actor.default-dispatcher-5] [akka://CassandraServerStub-40991-43935/user/BinaryTcpListener/127.0.0.1:40828/$a/$a] No prime found for SELECT * FROM system.schema_columnfamilies
[INFO] [09/01/2017 08:02:38.832] [CassandraServerStub-40991-43935-akka.actor.default-dispatcher-5] [akka://CassandraServerStub-40991-43935/user/BinaryTcpListener/127.0.0.1:40828/$a/$a] Incoming query: SELECT * FROM system.schema_columnfamilies at consistency: org.scassandra.server.cqlmessages.ONE$@1006a4ce
[INFO] [09/01/2017 08:02:38.832] [CassandraServerStub-40991-43935-akka.actor.default-dispatcher-5] [akka://CassandraServerStub-40991-43935/user/BinaryTcpListener/127.0.0.1:40828/$a/$a] No prime found for SELECT * FROM system.schema_columns
[INFO] [09/01/2017 08:02:38.832] [CassandraServerStub-40991-43935-akka.actor.default-dispatcher-5] [akka://CassandraServerStub-40991-43935/user/BinaryTcpListener/127.0.0.1:40828/$a/$a] Incoming query: SELECT * FROM system.schema_columns at consistency: org.scassandra.server.cqlmessages.ONE$@1006a4ce
08:02:38.833 [Test worker] INFO  com.datastax.driver.core.Cluster - New Cassandra host localhost/127.0.0.1:40991 added
[INFO] [09/01/2017 08:02:38.842] [CassandraServerStub-40991-43935-akka.actor.default-dispatcher-3] [akka://CassandraServerStub-40991-43935/user/BinaryTcpListener/127.0.0.1:40832/$a] Sending ready message to Actor[akka://CassandraServerStub-40991-43935/user/BinaryTcpListener/127.0.0.1:40832#-1744540968]
[INFO] [09/01/2017 08:02:38.843] [CassandraServerStub-40991-43935-akka.actor.default-dispatcher-9] [akka://CassandraServerStub-40991-43935/user/BinaryTcpListener/127.0.0.1:40830/$a] Sending ready message to Actor[akka://CassandraServerStub-40991-43935/user/BinaryTcpListener/127.0.0.1:40830#1170511575]
08:02:38.845 [CassandraServerStub-40991-43935-akka.actor.default-dispatcher-9] INFO  o.s.server.priming.ActivityLog - Recording PreparedStatementPreparation(INSERT INTO cqlmigrate.locks (name, client) VALUES (?, ?) IF NOT EXISTS)
[INFO] [09/01/2017 08:02:38.845] [CassandraServerStub-40991-43935-akka.actor.default-dispatcher-9] [akka://CassandraServerStub-40991-43935/user/BinaryTcpListener/$a] Prepared Statement has been prepared: |INSERT INTO cqlmigrate.locks (name, client) VALUES (?, ?) IF NOT EXISTS|. Prepared result is: PreparedResultV2(64,1,keyspace,table,List(CqlText, CqlText))
[INFO] [09/01/2017 08:02:38.847] [CassandraServerStub-40991-43935-akka.actor.default-dispatcher-12] [akka://CassandraServerStub-40991-43935/user/BinaryTcpListener/$a] Prepared Statement has been prepared: |DELETE FROM cqlmigrate.locks WHERE name = ? IF client = ?|. Prepared result is: PreparedResultV2(0,2,keyspace,table,List(CqlText, CqlText))
08:02:38.847 [CassandraServerStub-40991-43935-akka.actor.default-dispatcher-12] INFO  o.s.server.priming.ActivityLog - Recording PreparedStatementPreparation(DELETE FROM cqlmigrate.locks WHERE name = ? IF client = ?)
08:02:38.861 [CassandraServerStub-40991-43935-akka.actor.default-dispatcher-12] INFO  o.s.server.priming.ActivityLog - Clearing prepared statement preparations
08:02:38.862 [Test worker] INFO  o.s.http.client.PrimingClient - Sending {"when":{"query":"DELETE FROM cqlmigrate.locks WHERE name \u003d ? IF client \u003d ?"},"then":{"result":"unavailable"}} to url http://localhost:43935/prime-prepared-single
08:02:38.870 [CassandraServerStub-40991-43935-akka.actor.default-dispatcher-12] INFO  o.s.s.p.prepared.PrimePreparedStore - Storing prime for prepared statement PreparedPrime(List(CqlVarchar, CqlVarchar),Prime(List(),UnavailableResult(1,0,None),Map(),,,None,List())) with prime criteria PrimeCriteria(DELETE FROM cqlmigrate.locks WHERE name = ? IF client = ?,List(org.scassandra.server.cqlmessages.ANY$@24c20390, org.scassandra.server.cqlmessages.ONE$@1006a4ce, org.scassandra.server.cqlmessages.TWO$@7a80aae3, org.scassandra.server.cqlmessages.THREE$@42172f91, org.scassandra.server.cqlmessages.QUORUM$@1ab5ec8c, org.scassandra.server.cqlmessages.ALL$@2edfb2c9, org.scassandra.server.cqlmessages.LOCAL_QUORUM$@51f7c243, org.scassandra.server.cqlmessages.EACH_QUORUM$@2a67044b, org.scassandra.server.cqlmessages.SERIAL$@1f034c07, org.scassandra.server.cqlmessages.LOCAL_SERIAL$@4c19fcd4, org.scassandra.server.cqlmessages.LOCAL_ONE$@2313cace),false)
[INFO] [09/01/2017 08:02:38.874] [CassandraServerStub-40991-43935-akka.actor.default-dispatcher-11] [akka://CassandraServerStub-40991-43935/user/BinaryTcpListener/$b] Found prime PreparedPrime(List(CqlVarchar, CqlVarchar),Prime(List(),UnavailableResult(1,0,None),Map(),,,None,List()))
08:02:38.875 [CassandraServerStub-40991-43935-akka.actor.default-dispatcher-11] INFO  o.s.server.priming.ActivityLog - Recording PreparedStatementExecution(DELETE FROM cqlmigrate.locks WHERE name = ? IF client = ?,org.scassandra.server.cqlmessages.LOCAL_ONE$@2313cace,List(Some(lock-keyspace.schema_migration), Some(3439477a-fb6e-4ff3-96bb-58c9f655654a)),List(CqlVarchar, CqlVarchar))
08:02:38.890 [Test worker] ERROR u.s.c.CassandraLockingMechanism - Query to release lock failed to execute for lock-keyspace.schema_migration by client 3439477a-fb6e-4ff3-96bb-58c9f655654a
com.datastax.driver.core.exceptions.NoHostAvailableException: All host(s) tried for query failed (tried: localhost/127.0.0.1:40991 (com.datastax.driver.core.exceptions.UnavailableException: Not enough replicas available for query at consistency LOCAL_ONE (1 required but only 0 alive)))
	at com.datastax.driver.core.exceptions.NoHostAvailableException.copy(NoHostAvailableException.java:84) ~[cassandra-driver-core-3.1.0.jar:na]
	at com.datastax.driver.core.exceptions.NoHostAvailableException.copy(NoHostAvailableException.java:37) ~[cassandra-driver-core-3.1.0.jar:na]
	at com.datastax.driver.core.DriverThrowables.propagateCause(DriverThrowables.java:37) ~[cassandra-driver-core-3.1.0.jar:na]
	at com.datastax.driver.core.DefaultResultSetFuture.getUninterruptibly(DefaultResultSetFuture.java:245) ~[cassandra-driver-core-3.1.0.jar:na]
	at com.datastax.driver.core.AbstractSession.execute(AbstractSession.java:64) ~[cassandra-driver-core-3.1.0.jar:na]
	at uk.sky.cqlmigrate.CassandraLockingMechanism.release(CassandraLockingMechanism.java:88) ~[main/:na]
	at uk.sky.cqlmigrate.CassandraLockingMechanismTest.lambda$shouldThrowExceptionIfQueryFailsToExecuteWhenReleasingLock$1(CassandraLockingMechanismTest.java:246) [test/:na]
	at org.assertj.core.api.ThrowableAssert.catchThrowable(ThrowableAssert.java:61) ~[assertj-core-2.0.0.jar:na]
	at org.assertj.core.api.Assertions.catchThrowable(Assertions.java:643) ~[assertj-core-2.0.0.jar:na]
	at uk.sky.cqlmigrate.CassandraLockingMechanismTest.shouldThrowExceptionIfQueryFailsToExecuteWhenReleasingLock(CassandraLockingMechanismTest.java:246) [test/:na]
	at sun.reflect.NativeMethodAccessorImpl.invoke0(Native Method) ~[na:1.8.0_144]
	at sun.reflect.NativeMethodAccessorImpl.invoke(NativeMethodAccessorImpl.java:62) ~[na:1.8.0_144]
	at sun.reflect.DelegatingMethodAccessorImpl.invoke(DelegatingMethodAccessorImpl.java:43) ~[na:1.8.0_144]
	at java.lang.reflect.Method.invoke(Method.java:498) ~[na:1.8.0_144]
	at org.junit.runners.model.FrameworkMethod$1.runReflectiveCall(FrameworkMethod.java:50) ~[junit-4.12.jar:4.12]
	at org.junit.internal.runners.model.ReflectiveCallable.run(ReflectiveCallable.java:12) ~[junit-4.12.jar:4.12]
	at org.junit.runners.model.FrameworkMethod.invokeExplosively(FrameworkMethod.java:47) ~[junit-4.12.jar:4.12]
	at org.junit.internal.runners.statements.InvokeMethod.evaluate(InvokeMethod.java:17) ~[junit-4.12.jar:4.12]
	at org.junit.internal.runners.statements.RunBefores.evaluate(RunBefores.java:26) ~[junit-4.12.jar:4.12]
	at org.junit.internal.runners.statements.RunAfters.evaluate(RunAfters.java:27) ~[junit-4.12.jar:4.12]
	at org.scassandra.junit.ScassandraServerRule$1.evaluate(ScassandraServerRule.java:60) ~[java-client-1.0.3.jar:na]
	at org.junit.rules.RunRules.evaluate(RunRules.java:20) ~[junit-4.12.jar:4.12]
	at org.junit.runners.ParentRunner.runLeaf(ParentRunner.java:325) ~[junit-4.12.jar:4.12]
	at org.junit.runners.BlockJUnit4ClassRunner.runChild(BlockJUnit4ClassRunner.java:78) ~[junit-4.12.jar:4.12]
	at org.junit.runners.BlockJUnit4ClassRunner.runChild(BlockJUnit4ClassRunner.java:57) ~[junit-4.12.jar:4.12]
	at org.junit.runners.ParentRunner$3.run(ParentRunner.java:290) ~[junit-4.12.jar:4.12]
	at org.junit.runners.ParentRunner$1.schedule(ParentRunner.java:71) ~[junit-4.12.jar:4.12]
	at org.junit.runners.ParentRunner.runChildren(ParentRunner.java:288) ~[junit-4.12.jar:4.12]
	at org.junit.runners.ParentRunner.access$000(ParentRunner.java:58) ~[junit-4.12.jar:4.12]
	at org.junit.runners.ParentRunner$2.evaluate(ParentRunner.java:268) ~[junit-4.12.jar:4.12]
	at org.scassandra.junit.ScassandraServerRule$1.evaluate(ScassandraServerRule.java:53) ~[java-client-1.0.3.jar:na]
	at org.junit.rules.RunRules.evaluate(RunRules.java:20) ~[junit-4.12.jar:4.12]
	at org.junit.runners.ParentRunner.run(ParentRunner.java:363) ~[junit-4.12.jar:4.12]
	at org.gradle.api.internal.tasks.testing.junit.JUnitTestClassExecuter.runTestClass(JUnitTestClassExecuter.java:114) ~[na:na]
	at org.gradle.api.internal.tasks.testing.junit.JUnitTestClassExecuter.execute(JUnitTestClassExecuter.java:57) ~[na:na]
	at org.gradle.api.internal.tasks.testing.junit.JUnitTestClassProcessor.processTestClass(JUnitTestClassProcessor.java:66) ~[na:na]
	at org.gradle.api.internal.tasks.testing.SuiteTestClassProcessor.processTestClass(SuiteTestClassProcessor.java:51) ~[na:na]
	at sun.reflect.NativeMethodAccessorImpl.invoke0(Native Method) ~[na:1.8.0_144]
	at sun.reflect.NativeMethodAccessorImpl.invoke(NativeMethodAccessorImpl.java:62) ~[na:1.8.0_144]
	at sun.reflect.DelegatingMethodAccessorImpl.invoke(DelegatingMethodAccessorImpl.java:43) ~[na:1.8.0_144]
	at java.lang.reflect.Method.invoke(Method.java:498) ~[na:1.8.0_144]
	at org.gradle.internal.dispatch.ReflectionDispatch.dispatch(ReflectionDispatch.java:35) ~[na:na]
	at org.gradle.internal.dispatch.ReflectionDispatch.dispatch(ReflectionDispatch.java:24) ~[na:na]
	at org.gradle.internal.dispatch.ContextClassLoaderDispatch.dispatch(ContextClassLoaderDispatch.java:32) ~[na:na]
	at org.gradle.internal.dispatch.ProxyDispatchAdapter$DispatchingInvocationHandler.invoke(ProxyDispatchAdapter.java:93) ~[na:na]
	at com.sun.proxy.$Proxy3.processTestClass(Unknown Source) ~[na:na]
	at org.gradle.api.internal.tasks.testing.worker.TestWorker.processTestClass(TestWorker.java:109) ~[na:na]
	at sun.reflect.NativeMethodAccessorImpl.invoke0(Native Method) ~[na:1.8.0_144]
	at sun.reflect.NativeMethodAccessorImpl.invoke(NativeMethodAccessorImpl.java:62) ~[na:1.8.0_144]
	at sun.reflect.DelegatingMethodAccessorImpl.invoke(DelegatingMethodAccessorImpl.java:43) ~[na:1.8.0_144]
	at java.lang.reflect.Method.invoke(Method.java:498) ~[na:1.8.0_144]
	at org.gradle.internal.dispatch.ReflectionDispatch.dispatch(ReflectionDispatch.java:35) ~[na:na]
	at org.gradle.internal.dispatch.ReflectionDispatch.dispatch(ReflectionDispatch.java:24) ~[na:na]
	at org.gradle.internal.remote.internal.hub.MessageHubBackedObjectConnection$DispatchWrapper.dispatch(MessageHubBackedObjectConnection.java:147) ~[na:na]
	at org.gradle.internal.remote.internal.hub.MessageHubBackedObjectConnection$DispatchWrapper.dispatch(MessageHubBackedObjectConnection.java:129) ~[na:na]
	at org.gradle.internal.remote.internal.hub.MessageHub$Handler.run(MessageHub.java:404) ~[na:na]
	at org.gradle.internal.concurrent.ExecutorPolicy$CatchAndRecordFailures.onExecute(ExecutorPolicy.java:63) ~[na:na]
	at org.gradle.internal.concurrent.StoppableExecutorImpl$1.run(StoppableExecutorImpl.java:46) ~[na:na]
	at java.util.concurrent.ThreadPoolExecutor.runWorker(ThreadPoolExecutor.java:1149) ~[na:1.8.0_144]
	at java.util.concurrent.ThreadPoolExecutor$Worker.run(ThreadPoolExecutor.java:624) ~[na:1.8.0_144]
	at java.lang.Thread.run(Thread.java:748) ~[na:1.8.0_144]
Caused by: com.datastax.driver.core.exceptions.NoHostAvailableException: All host(s) tried for query failed (tried: localhost/127.0.0.1:40991 (com.datastax.driver.core.exceptions.UnavailableException: Not enough replicas available for query at consistency LOCAL_ONE (1 required but only 0 alive)))
	at com.datastax.driver.core.RequestHandler.reportNoMoreHosts(RequestHandler.java:208) ~[cassandra-driver-core-3.1.0.jar:na]
	at com.datastax.driver.core.RequestHandler.access$1000(RequestHandler.java:43) ~[cassandra-driver-core-3.1.0.jar:na]
	at com.datastax.driver.core.RequestHandler$SpeculativeExecution.sendRequest(RequestHandler.java:274) ~[cassandra-driver-core-3.1.0.jar:na]
	at com.datastax.driver.core.RequestHandler$SpeculativeExecution$1.run(RequestHandler.java:429) ~[cassandra-driver-core-3.1.0.jar:na]
	... 3 common frames omitted
[INFO] [09/01/2017 08:02:38.893] [CassandraServerStub-40991-43935-akka.actor.default-dispatcher-3] [akka://CassandraServerStub-40991-43935/user/BinaryTcpListener/127.0.0.1:40828] Client disconnected: PeerClosed
[INFO] [09/01/2017 08:02:38.893] [CassandraServerStub-40991-43935-akka.actor.default-dispatcher-2] [akka://CassandraServerStub-40991-43935/user/BinaryTcpListener/127.0.0.1:40832] Client disconnected: PeerClosed
[INFO] [09/01/2017 08:02:38.893] [CassandraServerStub-40991-43935-akka.actor.default-dispatcher-12] [akka://CassandraServerStub-40991-43935/user/BinaryTcpListener/127.0.0.1:40830] Client disconnected: PeerClosed
08:02:41.134 [CassandraServerStub-40991-43935-akka.actor.default-dispatcher-15] INFO  o.s.server.priming.ActivityLog - Clearing prepared statement preparations
08:02:41.135 [Test worker] INFO  c.datastax.driver.core.ClockFactory - Using native clock to generate timestamps.
08:02:41.135 [Test worker] INFO  o.s.http.client.PrimingClient - Sending {"when":{"query":"INSERT INTO cqlmigrate.locks (name, client) VALUES (?, ?) IF NOT EXISTS"},"then":{"variable_types":["text","text"],"rows":[{"[applied]":true}],"column_types":{"[applied]":"boolean"}}} to url http://localhost:43935/prime-prepared-single
08:02:41.138 [CassandraServerStub-40991-43935-akka.actor.default-dispatcher-15] INFO  o.s.s.cqlmessages.types.ColumnType$ - Type is Some(CqlText)
08:02:41.139 [CassandraServerStub-40991-43935-akka.actor.default-dispatcher-15] INFO  o.s.s.cqlmessages.types.ColumnType$ - Type is Some(CqlText)
08:02:41.139 [CassandraServerStub-40991-43935-akka.actor.default-dispatcher-15] INFO  o.s.s.cqlmessages.types.ColumnType$ - Type is Some(CqlBoolean)
08:02:41.139 [CassandraServerStub-40991-43935-akka.actor.default-dispatcher-15] INFO  o.s.s.p.prepared.PrimePreparedStore - Storing prime for prepared statement PreparedPrime(List(CqlText, CqlText),Prime(List(Map([applied] -> true)),SuccessResult,Map([applied] -> CqlBoolean),,,None,List())) with prime criteria PrimeCriteria(INSERT INTO cqlmigrate.locks (name, client) VALUES (?, ?) IF NOT EXISTS,List(org.scassandra.server.cqlmessages.ANY$@24c20390, org.scassandra.server.cqlmessages.ONE$@1006a4ce, org.scassandra.server.cqlmessages.TWO$@7a80aae3, org.scassandra.server.cqlmessages.THREE$@42172f91, org.scassandra.server.cqlmessages.QUORUM$@1ab5ec8c, org.scassandra.server.cqlmessages.ALL$@2edfb2c9, org.scassandra.server.cqlmessages.LOCAL_QUORUM$@51f7c243, org.scassandra.server.cqlmessages.EACH_QUORUM$@2a67044b, org.scassandra.server.cqlmessages.SERIAL$@1f034c07, org.scassandra.server.cqlmessages.LOCAL_SERIAL$@4c19fcd4, org.scassandra.server.cqlmessages.LOCAL_ONE$@2313cace),false)
08:02:41.140 [Test worker] INFO  o.s.http.client.PrimingClient - Sending {"when":{"query":"DELETE FROM cqlmigrate.locks WHERE name \u003d ? IF client \u003d ?"},"then":{"variable_types":["text","text"],"rows":[{"[applied]":true}],"column_types":{"[applied]":"boolean"}}} to url http://localhost:43935/prime-prepared-single
08:02:41.143 [CassandraServerStub-40991-43935-akka.actor.default-dispatcher-22] INFO  o.s.s.cqlmessages.types.ColumnType$ - Type is Some(CqlText)
08:02:41.143 [CassandraServerStub-40991-43935-akka.actor.default-dispatcher-22] INFO  o.s.s.cqlmessages.types.ColumnType$ - Type is Some(CqlText)
08:02:41.143 [CassandraServerStub-40991-43935-akka.actor.default-dispatcher-22] INFO  o.s.s.cqlmessages.types.ColumnType$ - Type is Some(CqlBoolean)
08:02:41.144 [CassandraServerStub-40991-43935-akka.actor.default-dispatcher-22] INFO  o.s.s.p.prepared.PrimePreparedStore - Storing prime for prepared statement PreparedPrime(List(CqlText, CqlText),Prime(List(Map([applied] -> true)),SuccessResult,Map([applied] -> CqlBoolean),,,None,List())) with prime criteria PrimeCriteria(DELETE FROM cqlmigrate.locks WHERE name = ? IF client = ?,List(org.scassandra.server.cqlmessages.ANY$@24c20390, org.scassandra.server.cqlmessages.ONE$@1006a4ce, org.scassandra.server.cqlmessages.TWO$@7a80aae3, org.scassandra.server.cqlmessages.THREE$@42172f91, org.scassandra.server.cqlmessages.QUORUM$@1ab5ec8c, org.scassandra.server.cqlmessages.ALL$@2edfb2c9, org.scassandra.server.cqlmessages.LOCAL_QUORUM$@51f7c243, org.scassandra.server.cqlmessages.EACH_QUORUM$@2a67044b, org.scassandra.server.cqlmessages.SERIAL$@1f034c07, org.scassandra.server.cqlmessages.LOCAL_SERIAL$@4c19fcd4, org.scassandra.server.cqlmessages.LOCAL_ONE$@2313cace),false)
[WARN] [09/01/2017 08:02:41.152] [CassandraServerStub-40991-43935-akka.actor.default-dispatcher-15] [akka://CassandraServerStub-40991-43935/user/BinaryTcpListener/127.0.0.1:40834] Received protocol version 4, currently only one and two supported so sending an unsupported protocol error to get the driver to use an older version of the protocol.
[INFO] [09/01/2017 08:02:41.153] [CassandraServerStub-40991-43935-akka.actor.default-dispatcher-15] [akka://CassandraServerStub-40991-43935/user/BinaryTcpListener/127.0.0.1:40834] Client disconnected: PeerClosed
[INFO] [09/01/2017 08:02:41.155] [CassandraServerStub-40991-43935-akka.actor.default-dispatcher-22] [akka://CassandraServerStub-40991-43935/user/BinaryTcpListener/127.0.0.1:40836/$a] Sending ready message to Actor[akka://CassandraServerStub-40991-43935/user/BinaryTcpListener/127.0.0.1:40836#1427757894]
[INFO] [09/01/2017 08:02:41.156] [CassandraServerStub-40991-43935-akka.actor.default-dispatcher-9] [akka://CassandraServerStub-40991-43935/user/BinaryTcpListener/127.0.0.1:40836/$a/$a] No prime found for SELECT * FROM system.local WHERE key='local'
[INFO] [09/01/2017 08:02:41.156] [CassandraServerStub-40991-43935-akka.actor.default-dispatcher-9] [akka://CassandraServerStub-40991-43935/user/BinaryTcpListener/127.0.0.1:40836/$a/$a] Incoming query: SELECT * FROM system.local WHERE key='local' at consistency: org.scassandra.server.cqlmessages.ONE$@1006a4ce
[INFO] [09/01/2017 08:02:41.156] [CassandraServerStub-40991-43935-akka.actor.default-dispatcher-9] [akka://CassandraServerStub-40991-43935/user/BinaryTcpListener/127.0.0.1:40836/$a/$a] No prime found for SELECT * FROM system.peers
[INFO] [09/01/2017 08:02:41.156] [CassandraServerStub-40991-43935-akka.actor.default-dispatcher-9] [akka://CassandraServerStub-40991-43935/user/BinaryTcpListener/127.0.0.1:40836/$a/$a] Incoming query: SELECT * FROM system.peers at consistency: org.scassandra.server.cqlmessages.ONE$@1006a4ce
08:02:41.157 [Test worker] WARN  c.d.driver.core.ControlConnection - Cannot find Cassandra version for host localhost/127.0.0.1:40991 to parse the schema, using 2.0.0 based on protocol version in use. If parsing the schema fails, this could be the cause
[INFO] [09/01/2017 08:02:41.158] [CassandraServerStub-40991-43935-akka.actor.default-dispatcher-9] [akka://CassandraServerStub-40991-43935/user/BinaryTcpListener/127.0.0.1:40836/$a/$a] No prime found for SELECT * FROM system.schema_keyspaces
[INFO] [09/01/2017 08:02:41.158] [CassandraServerStub-40991-43935-akka.actor.default-dispatcher-9] [akka://CassandraServerStub-40991-43935/user/BinaryTcpListener/127.0.0.1:40836/$a/$a] Incoming query: SELECT * FROM system.schema_keyspaces at consistency: org.scassandra.server.cqlmessages.ONE$@1006a4ce
[INFO] [09/01/2017 08:02:41.158] [CassandraServerStub-40991-43935-akka.actor.default-dispatcher-9] [akka://CassandraServerStub-40991-43935/user/BinaryTcpListener/127.0.0.1:40836/$a/$a] No prime found for SELECT * FROM system.schema_columnfamilies
[INFO] [09/01/2017 08:02:41.158] [CassandraServerStub-40991-43935-akka.actor.default-dispatcher-9] [akka://CassandraServerStub-40991-43935/user/BinaryTcpListener/127.0.0.1:40836/$a/$a] Incoming query: SELECT * FROM system.schema_columnfamilies at consistency: org.scassandra.server.cqlmessages.ONE$@1006a4ce
[INFO] [09/01/2017 08:02:41.158] [CassandraServerStub-40991-43935-akka.actor.default-dispatcher-9] [akka://CassandraServerStub-40991-43935/user/BinaryTcpListener/127.0.0.1:40836/$a/$a] No prime found for SELECT * FROM system.schema_columns
[INFO] [09/01/2017 08:02:41.158] [CassandraServerStub-40991-43935-akka.actor.default-dispatcher-9] [akka://CassandraServerStub-40991-43935/user/BinaryTcpListener/127.0.0.1:40836/$a/$a] Incoming query: SELECT * FROM system.schema_columns at consistency: org.scassandra.server.cqlmessages.ONE$@1006a4ce
08:02:41.159 [Test worker] INFO  com.datastax.driver.core.Cluster - New Cassandra host localhost/127.0.0.1:40991 added
[INFO] [09/01/2017 08:02:41.162] [CassandraServerStub-40991-43935-akka.actor.default-dispatcher-22] [akka://CassandraServerStub-40991-43935/user/BinaryTcpListener/127.0.0.1:40838/$a] Sending ready message to Actor[akka://CassandraServerStub-40991-43935/user/BinaryTcpListener/127.0.0.1:40838#1702977452]
[INFO] [09/01/2017 08:02:41.163] [CassandraServerStub-40991-43935-akka.actor.default-dispatcher-4] [akka://CassandraServerStub-40991-43935/user/BinaryTcpListener/127.0.0.1:40840/$a] Sending ready message to Actor[akka://CassandraServerStub-40991-43935/user/BinaryTcpListener/127.0.0.1:40840#1861624129]
08:02:41.164 [CassandraServerStub-40991-43935-akka.actor.default-dispatcher-7] INFO  o.s.server.priming.ActivityLog - Recording PreparedStatementPreparation(INSERT INTO cqlmigrate.locks (name, client) VALUES (?, ?) IF NOT EXISTS)
[INFO] [09/01/2017 08:02:41.164] [CassandraServerStub-40991-43935-akka.actor.default-dispatcher-7] [akka://CassandraServerStub-40991-43935/user/BinaryTcpListener/$a] Prepared Statement has been prepared: |INSERT INTO cqlmigrate.locks (name, client) VALUES (?, ?) IF NOT EXISTS|. Prepared result is: PreparedResultV2(64,3,keyspace,table,List(CqlText, CqlText))
08:02:41.166 [CassandraServerStub-40991-43935-akka.actor.default-dispatcher-9] INFO  o.s.server.priming.ActivityLog - Recording PreparedStatementPreparation(DELETE FROM cqlmigrate.locks WHERE name = ? IF client = ?)
[INFO] [09/01/2017 08:02:41.166] [CassandraServerStub-40991-43935-akka.actor.default-dispatcher-9] [akka://CassandraServerStub-40991-43935/user/BinaryTcpListener/$a] Prepared Statement has been prepared: |DELETE FROM cqlmigrate.locks WHERE name = ? IF client = ?|. Prepared result is: PreparedResultV2(0,4,keyspace,table,List(CqlText, CqlText))
08:02:41.178 [CassandraServerStub-40991-43935-akka.actor.default-dispatcher-9] INFO  o.s.server.priming.ActivityLog - Clearing prepared statement preparations
[INFO] [09/01/2017 08:02:41.180] [CassandraServerStub-40991-43935-akka.actor.default-dispatcher-9] [akka://CassandraServerStub-40991-43935/user/BinaryTcpListener/$b] Found prime PreparedPrime(List(CqlText, CqlText),Prime(List(Map([applied] -> true)),SuccessResult,Map([applied] -> CqlBoolean),,,None,List()))
08:02:41.180 [CassandraServerStub-40991-43935-akka.actor.default-dispatcher-9] INFO  o.s.server.priming.ActivityLog - Recording PreparedStatementExecution(INSERT INTO cqlmigrate.locks (name, client) VALUES (?, ?) IF NOT EXISTS,org.scassandra.server.cqlmessages.LOCAL_ONE$@2313cace,List(Some(lock-keyspace.schema_migration), Some(3439477a-fb6e-4ff3-96bb-58c9f655654a)),List(CqlText, CqlText))
[INFO] [09/01/2017 08:02:41.191] [CassandraServerStub-40991-43935-akka.actor.default-dispatcher-15] [akka://CassandraServerStub-40991-43935/user/BinaryTcpListener/127.0.0.1:40836] Client disconnected: PeerClosed
[INFO] [09/01/2017 08:02:41.191] [CassandraServerStub-40991-43935-akka.actor.default-dispatcher-21] [akka://CassandraServerStub-40991-43935/user/BinaryTcpListener/127.0.0.1:40840] Client disconnected: PeerClosed
[INFO] [09/01/2017 08:02:41.191] [CassandraServerStub-40991-43935-akka.actor.default-dispatcher-17] [akka://CassandraServerStub-40991-43935/user/BinaryTcpListener/127.0.0.1:40838] Client disconnected: PeerClosed
08:02:43.421 [CassandraServerStub-40991-43935-akka.actor.default-dispatcher-25] INFO  o.s.server.priming.ActivityLog - Clearing prepared statement preparations
08:02:43.422 [Test worker] INFO  c.datastax.driver.core.ClockFactory - Using native clock to generate timestamps.
08:02:43.423 [Test worker] INFO  o.s.http.client.PrimingClient - Sending {"when":{"query":"INSERT INTO cqlmigrate.locks (name, client) VALUES (?, ?) IF NOT EXISTS"},"then":{"variable_types":["text","text"],"rows":[{"[applied]":true}],"column_types":{"[applied]":"boolean"}}} to url http://localhost:43935/prime-prepared-single
08:02:43.426 [CassandraServerStub-40991-43935-akka.actor.default-dispatcher-25] INFO  o.s.s.cqlmessages.types.ColumnType$ - Type is Some(CqlText)
08:02:43.426 [CassandraServerStub-40991-43935-akka.actor.default-dispatcher-25] INFO  o.s.s.cqlmessages.types.ColumnType$ - Type is Some(CqlText)
08:02:43.427 [CassandraServerStub-40991-43935-akka.actor.default-dispatcher-25] INFO  o.s.s.cqlmessages.types.ColumnType$ - Type is Some(CqlBoolean)
08:02:43.427 [CassandraServerStub-40991-43935-akka.actor.default-dispatcher-25] INFO  o.s.s.p.prepared.PrimePreparedStore - Storing prime for prepared statement PreparedPrime(List(CqlText, CqlText),Prime(List(Map([applied] -> true)),SuccessResult,Map([applied] -> CqlBoolean),,,None,List())) with prime criteria PrimeCriteria(INSERT INTO cqlmigrate.locks (name, client) VALUES (?, ?) IF NOT EXISTS,List(org.scassandra.server.cqlmessages.ANY$@24c20390, org.scassandra.server.cqlmessages.ONE$@1006a4ce, org.scassandra.server.cqlmessages.TWO$@7a80aae3, org.scassandra.server.cqlmessages.THREE$@42172f91, org.scassandra.server.cqlmessages.QUORUM$@1ab5ec8c, org.scassandra.server.cqlmessages.ALL$@2edfb2c9, org.scassandra.server.cqlmessages.LOCAL_QUORUM$@51f7c243, org.scassandra.server.cqlmessages.EACH_QUORUM$@2a67044b, org.scassandra.server.cqlmessages.SERIAL$@1f034c07, org.scassandra.server.cqlmessages.LOCAL_SERIAL$@4c19fcd4, org.scassandra.server.cqlmessages.LOCAL_ONE$@2313cace),false)
08:02:43.429 [Test worker] INFO  o.s.http.client.PrimingClient - Sending {"when":{"query":"DELETE FROM cqlmigrate.locks WHERE name \u003d ? IF client \u003d ?"},"then":{"variable_types":["text","text"],"rows":[{"[applied]":true}],"column_types":{"[applied]":"boolean"}}} to url http://localhost:43935/prime-prepared-single
08:02:43.432 [CassandraServerStub-40991-43935-akka.actor.default-dispatcher-15] INFO  o.s.s.cqlmessages.types.ColumnType$ - Type is Some(CqlText)
08:02:43.432 [CassandraServerStub-40991-43935-akka.actor.default-dispatcher-15] INFO  o.s.s.cqlmessages.types.ColumnType$ - Type is Some(CqlText)
08:02:43.432 [CassandraServerStub-40991-43935-akka.actor.default-dispatcher-15] INFO  o.s.s.cqlmessages.types.ColumnType$ - Type is Some(CqlBoolean)
08:02:43.433 [CassandraServerStub-40991-43935-akka.actor.default-dispatcher-15] INFO  o.s.s.p.prepared.PrimePreparedStore - Storing prime for prepared statement PreparedPrime(List(CqlText, CqlText),Prime(List(Map([applied] -> true)),SuccessResult,Map([applied] -> CqlBoolean),,,None,List())) with prime criteria PrimeCriteria(DELETE FROM cqlmigrate.locks WHERE name = ? IF client = ?,List(org.scassandra.server.cqlmessages.ANY$@24c20390, org.scassandra.server.cqlmessages.ONE$@1006a4ce, org.scassandra.server.cqlmessages.TWO$@7a80aae3, org.scassandra.server.cqlmessages.THREE$@42172f91, org.scassandra.server.cqlmessages.QUORUM$@1ab5ec8c, org.scassandra.server.cqlmessages.ALL$@2edfb2c9, org.scassandra.server.cqlmessages.LOCAL_QUORUM$@51f7c243, org.scassandra.server.cqlmessages.EACH_QUORUM$@2a67044b, org.scassandra.server.cqlmessages.SERIAL$@1f034c07, org.scassandra.server.cqlmessages.LOCAL_SERIAL$@4c19fcd4, org.scassandra.server.cqlmessages.LOCAL_ONE$@2313cace),false)
[WARN] [09/01/2017 08:02:43.440] [CassandraServerStub-40991-43935-akka.actor.default-dispatcher-25] [akka://CassandraServerStub-40991-43935/user/BinaryTcpListener/127.0.0.1:40842] Received protocol version 4, currently only one and two supported so sending an unsupported protocol error to get the driver to use an older version of the protocol.
[INFO] [09/01/2017 08:02:43.441] [CassandraServerStub-40991-43935-akka.actor.default-dispatcher-25] [akka://CassandraServerStub-40991-43935/user/BinaryTcpListener/127.0.0.1:40842] Client disconnected: PeerClosed
[INFO] [09/01/2017 08:02:43.443] [CassandraServerStub-40991-43935-akka.actor.default-dispatcher-15] [akka://CassandraServerStub-40991-43935/user/BinaryTcpListener/127.0.0.1:40844/$a] Sending ready message to Actor[akka://CassandraServerStub-40991-43935/user/BinaryTcpListener/127.0.0.1:40844#183665592]
[INFO] [09/01/2017 08:02:43.444] [CassandraServerStub-40991-43935-akka.actor.default-dispatcher-15] [akka://CassandraServerStub-40991-43935/user/BinaryTcpListener/127.0.0.1:40844/$a/$a] No prime found for SELECT * FROM system.local WHERE key='local'
[INFO] [09/01/2017 08:02:43.444] [CassandraServerStub-40991-43935-akka.actor.default-dispatcher-15] [akka://CassandraServerStub-40991-43935/user/BinaryTcpListener/127.0.0.1:40844/$a/$a] Incoming query: SELECT * FROM system.local WHERE key='local' at consistency: org.scassandra.server.cqlmessages.ONE$@1006a4ce
[INFO] [09/01/2017 08:02:43.445] [CassandraServerStub-40991-43935-akka.actor.default-dispatcher-15] [akka://CassandraServerStub-40991-43935/user/BinaryTcpListener/127.0.0.1:40844/$a/$a] No prime found for SELECT * FROM system.peers
[INFO] [09/01/2017 08:02:43.445] [CassandraServerStub-40991-43935-akka.actor.default-dispatcher-15] [akka://CassandraServerStub-40991-43935/user/BinaryTcpListener/127.0.0.1:40844/$a/$a] Incoming query: SELECT * FROM system.peers at consistency: org.scassandra.server.cqlmessages.ONE$@1006a4ce
08:02:43.445 [Test worker] WARN  c.d.driver.core.ControlConnection - Cannot find Cassandra version for host localhost/127.0.0.1:40991 to parse the schema, using 2.0.0 based on protocol version in use. If parsing the schema fails, this could be the cause
[INFO] [09/01/2017 08:02:43.447] [CassandraServerStub-40991-43935-akka.actor.default-dispatcher-22] [akka://CassandraServerStub-40991-43935/user/BinaryTcpListener/127.0.0.1:40844/$a/$a] No prime found for SELECT * FROM system.schema_keyspaces
[INFO] [09/01/2017 08:02:43.447] [CassandraServerStub-40991-43935-akka.actor.default-dispatcher-22] [akka://CassandraServerStub-40991-43935/user/BinaryTcpListener/127.0.0.1:40844/$a/$a] Incoming query: SELECT * FROM system.schema_keyspaces at consistency: org.scassandra.server.cqlmessages.ONE$@1006a4ce
[INFO] [09/01/2017 08:02:43.447] [CassandraServerStub-40991-43935-akka.actor.default-dispatcher-22] [akka://CassandraServerStub-40991-43935/user/BinaryTcpListener/127.0.0.1:40844/$a/$a] No prime found for SELECT * FROM system.schema_columnfamilies
[INFO] [09/01/2017 08:02:43.447] [CassandraServerStub-40991-43935-akka.actor.default-dispatcher-22] [akka://CassandraServerStub-40991-43935/user/BinaryTcpListener/127.0.0.1:40844/$a/$a] Incoming query: SELECT * FROM system.schema_columnfamilies at consistency: org.scassandra.server.cqlmessages.ONE$@1006a4ce
[INFO] [09/01/2017 08:02:43.447] [CassandraServerStub-40991-43935-akka.actor.default-dispatcher-22] [akka://CassandraServerStub-40991-43935/user/BinaryTcpListener/127.0.0.1:40844/$a/$a] No prime found for SELECT * FROM system.schema_columns
[INFO] [09/01/2017 08:02:43.447] [CassandraServerStub-40991-43935-akka.actor.default-dispatcher-22] [akka://CassandraServerStub-40991-43935/user/BinaryTcpListener/127.0.0.1:40844/$a/$a] Incoming query: SELECT * FROM system.schema_columns at consistency: org.scassandra.server.cqlmessages.ONE$@1006a4ce
08:02:43.448 [Test worker] INFO  com.datastax.driver.core.Cluster - New Cassandra host localhost/127.0.0.1:40991 added
[INFO] [09/01/2017 08:02:43.450] [CassandraServerStub-40991-43935-akka.actor.default-dispatcher-25] [akka://CassandraServerStub-40991-43935/user/BinaryTcpListener/127.0.0.1:40848/$a] Sending ready message to Actor[akka://CassandraServerStub-40991-43935/user/BinaryTcpListener/127.0.0.1:40848#216941589]
[INFO] [09/01/2017 08:02:43.451] [CassandraServerStub-40991-43935-akka.actor.default-dispatcher-15] [akka://CassandraServerStub-40991-43935/user/BinaryTcpListener/127.0.0.1:40846/$a] Sending ready message to Actor[akka://CassandraServerStub-40991-43935/user/BinaryTcpListener/127.0.0.1:40846#-455939903]
08:02:43.454 [CassandraServerStub-40991-43935-akka.actor.default-dispatcher-5] INFO  o.s.server.priming.ActivityLog - Recording PreparedStatementPreparation(INSERT INTO cqlmigrate.locks (name, client) VALUES (?, ?) IF NOT EXISTS)
[INFO] [09/01/2017 08:02:43.454] [CassandraServerStub-40991-43935-akka.actor.default-dispatcher-5] [akka://CassandraServerStub-40991-43935/user/BinaryTcpListener/$a] Prepared Statement has been prepared: |INSERT INTO cqlmigrate.locks (name, client) VALUES (?, ?) IF NOT EXISTS|. Prepared result is: PreparedResultV2(64,5,keyspace,table,List(CqlText, CqlText))
08:02:43.456 [CassandraServerStub-40991-43935-akka.actor.default-dispatcher-4] INFO  o.s.server.priming.ActivityLog - Recording PreparedStatementPreparation(DELETE FROM cqlmigrate.locks WHERE name = ? IF client = ?)
[INFO] [09/01/2017 08:02:43.456] [CassandraServerStub-40991-43935-akka.actor.default-dispatcher-4] [akka://CassandraServerStub-40991-43935/user/BinaryTcpListener/$a] Prepared Statement has been prepared: |DELETE FROM cqlmigrate.locks WHERE name = ? IF client = ?|. Prepared result is: PreparedResultV2(0,6,keyspace,table,List(CqlText, CqlText))
08:02:43.470 [CassandraServerStub-40991-43935-akka.actor.default-dispatcher-4] INFO  o.s.server.priming.ActivityLog - Clearing prepared statement preparations
08:02:43.471 [Test worker] INFO  o.s.http.client.PrimingClient - Sending {"when":{"query":"DELETE FROM cqlmigrate.locks WHERE name \u003d ? IF client \u003d ?"},"then":{"variable_types":["text","text"],"rows":[{"[applied]":false}],"column_types":{"[applied]":"boolean"}}} to url http://localhost:43935/prime-prepared-single
08:02:43.473 [CassandraServerStub-40991-43935-akka.actor.default-dispatcher-5] INFO  o.s.s.cqlmessages.types.ColumnType$ - Type is Some(CqlText)
08:02:43.475 [CassandraServerStub-40991-43935-akka.actor.default-dispatcher-5] INFO  o.s.s.cqlmessages.types.ColumnType$ - Type is Some(CqlText)
08:02:43.476 [CassandraServerStub-40991-43935-akka.actor.default-dispatcher-5] INFO  o.s.s.cqlmessages.types.ColumnType$ - Type is Some(CqlBoolean)
08:02:43.476 [CassandraServerStub-40991-43935-akka.actor.default-dispatcher-5] INFO  o.s.s.p.prepared.PrimePreparedStore - Storing prime for prepared statement PreparedPrime(List(CqlText, CqlText),Prime(List(Map([applied] -> false)),SuccessResult,Map([applied] -> CqlBoolean),,,None,List())) with prime criteria PrimeCriteria(DELETE FROM cqlmigrate.locks WHERE name = ? IF client = ?,List(org.scassandra.server.cqlmessages.ANY$@24c20390, org.scassandra.server.cqlmessages.ONE$@1006a4ce, org.scassandra.server.cqlmessages.TWO$@7a80aae3, org.scassandra.server.cqlmessages.THREE$@42172f91, org.scassandra.server.cqlmessages.QUORUM$@1ab5ec8c, org.scassandra.server.cqlmessages.ALL$@2edfb2c9, org.scassandra.server.cqlmessages.LOCAL_QUORUM$@51f7c243, org.scassandra.server.cqlmessages.EACH_QUORUM$@2a67044b, org.scassandra.server.cqlmessages.SERIAL$@1f034c07, org.scassandra.server.cqlmessages.LOCAL_SERIAL$@4c19fcd4, org.scassandra.server.cqlmessages.LOCAL_ONE$@2313cace),false)
[INFO] [09/01/2017 08:02:43.480] [CassandraServerStub-40991-43935-akka.actor.default-dispatcher-5] [akka://CassandraServerStub-40991-43935/user/BinaryTcpListener/$b] Found prime PreparedPrime(List(CqlText, CqlText),Prime(List(Map([applied] -> false)),SuccessResult,Map([applied] -> CqlBoolean),,,None,List()))
08:02:43.480 [CassandraServerStub-40991-43935-akka.actor.default-dispatcher-5] INFO  o.s.server.priming.ActivityLog - Recording PreparedStatementExecution(DELETE FROM cqlmigrate.locks WHERE name = ? IF client = ?,org.scassandra.server.cqlmessages.LOCAL_ONE$@2313cace,List(Some(lock-keyspace.schema_migration), Some(3439477a-fb6e-4ff3-96bb-58c9f655654a)),List(CqlText, CqlText))
08:02:43.482 [Test worker] INFO  u.s.c.CassandraLockingMechanism - Lock released for lock-keyspace.schema_migration by client 3439477a-fb6e-4ff3-96bb-58c9f655654a at: 1504249363482
[INFO] [09/01/2017 08:02:43.484] [CassandraServerStub-40991-43935-akka.actor.default-dispatcher-15] [akka://CassandraServerStub-40991-43935/user/BinaryTcpListener/127.0.0.1:40844] Client disconnected: PeerClosed
[INFO] [09/01/2017 08:02:43.484] [CassandraServerStub-40991-43935-akka.actor.default-dispatcher-24] [akka://CassandraServerStub-40991-43935/user/BinaryTcpListener/127.0.0.1:40848] Client disconnected: PeerClosed
[INFO] [09/01/2017 08:02:43.485] [CassandraServerStub-40991-43935-akka.actor.default-dispatcher-23] [akka://CassandraServerStub-40991-43935/user/BinaryTcpListener/127.0.0.1:40846] Client disconnected: PeerClosed
08:02:45.716 [CassandraServerStub-40991-43935-akka.actor.default-dispatcher-4] INFO  o.s.server.priming.ActivityLog - Clearing prepared statement preparations
08:02:45.716 [Test worker] INFO  c.datastax.driver.core.ClockFactory - Using native clock to generate timestamps.
08:02:45.717 [Test worker] INFO  o.s.http.client.PrimingClient - Sending {"when":{"query":"INSERT INTO cqlmigrate.locks (name, client) VALUES (?, ?) IF NOT EXISTS"},"then":{"variable_types":["text","text"],"rows":[{"[applied]":true}],"column_types":{"[applied]":"boolean"}}} to url http://localhost:43935/prime-prepared-single
08:02:45.720 [CassandraServerStub-40991-43935-akka.actor.default-dispatcher-10] INFO  o.s.s.cqlmessages.types.ColumnType$ - Type is Some(CqlText)
08:02:45.720 [CassandraServerStub-40991-43935-akka.actor.default-dispatcher-10] INFO  o.s.s.cqlmessages.types.ColumnType$ - Type is Some(CqlText)
08:02:45.720 [CassandraServerStub-40991-43935-akka.actor.default-dispatcher-10] INFO  o.s.s.cqlmessages.types.ColumnType$ - Type is Some(CqlBoolean)
08:02:45.721 [CassandraServerStub-40991-43935-akka.actor.default-dispatcher-10] INFO  o.s.s.p.prepared.PrimePreparedStore - Storing prime for prepared statement PreparedPrime(List(CqlText, CqlText),Prime(List(Map([applied] -> true)),SuccessResult,Map([applied] -> CqlBoolean),,,None,List())) with prime criteria PrimeCriteria(INSERT INTO cqlmigrate.locks (name, client) VALUES (?, ?) IF NOT EXISTS,List(org.scassandra.server.cqlmessages.ANY$@24c20390, org.scassandra.server.cqlmessages.ONE$@1006a4ce, org.scassandra.server.cqlmessages.TWO$@7a80aae3, org.scassandra.server.cqlmessages.THREE$@42172f91, org.scassandra.server.cqlmessages.QUORUM$@1ab5ec8c, org.scassandra.server.cqlmessages.ALL$@2edfb2c9, org.scassandra.server.cqlmessages.LOCAL_QUORUM$@51f7c243, org.scassandra.server.cqlmessages.EACH_QUORUM$@2a67044b, org.scassandra.server.cqlmessages.SERIAL$@1f034c07, org.scassandra.server.cqlmessages.LOCAL_SERIAL$@4c19fcd4, org.scassandra.server.cqlmessages.LOCAL_ONE$@2313cace),false)
08:02:45.723 [Test worker] INFO  o.s.http.client.PrimingClient - Sending {"when":{"query":"DELETE FROM cqlmigrate.locks WHERE name \u003d ? IF client \u003d ?"},"then":{"variable_types":["text","text"],"rows":[{"[applied]":true}],"column_types":{"[applied]":"boolean"}}} to url http://localhost:43935/prime-prepared-single
08:02:45.726 [CassandraServerStub-40991-43935-akka.actor.default-dispatcher-10] INFO  o.s.s.cqlmessages.types.ColumnType$ - Type is Some(CqlText)
08:02:45.727 [CassandraServerStub-40991-43935-akka.actor.default-dispatcher-10] INFO  o.s.s.cqlmessages.types.ColumnType$ - Type is Some(CqlText)
08:02:45.727 [CassandraServerStub-40991-43935-akka.actor.default-dispatcher-10] INFO  o.s.s.cqlmessages.types.ColumnType$ - Type is Some(CqlBoolean)
08:02:45.727 [CassandraServerStub-40991-43935-akka.actor.default-dispatcher-10] INFO  o.s.s.p.prepared.PrimePreparedStore - Storing prime for prepared statement PreparedPrime(List(CqlText, CqlText),Prime(List(Map([applied] -> true)),SuccessResult,Map([applied] -> CqlBoolean),,,None,List())) with prime criteria PrimeCriteria(DELETE FROM cqlmigrate.locks WHERE name = ? IF client = ?,List(org.scassandra.server.cqlmessages.ANY$@24c20390, org.scassandra.server.cqlmessages.ONE$@1006a4ce, org.scassandra.server.cqlmessages.TWO$@7a80aae3, org.scassandra.server.cqlmessages.THREE$@42172f91, org.scassandra.server.cqlmessages.QUORUM$@1ab5ec8c, org.scassandra.server.cqlmessages.ALL$@2edfb2c9, org.scassandra.server.cqlmessages.LOCAL_QUORUM$@51f7c243, org.scassandra.server.cqlmessages.EACH_QUORUM$@2a67044b, org.scassandra.server.cqlmessages.SERIAL$@1f034c07, org.scassandra.server.cqlmessages.LOCAL_SERIAL$@4c19fcd4, org.scassandra.server.cqlmessages.LOCAL_ONE$@2313cace),false)
[WARN] [09/01/2017 08:02:45.738] [CassandraServerStub-40991-43935-akka.actor.default-dispatcher-20] [akka://CassandraServerStub-40991-43935/user/BinaryTcpListener/127.0.0.1:40850] Received protocol version 4, currently only one and two supported so sending an unsupported protocol error to get the driver to use an older version of the protocol.
[INFO] [09/01/2017 08:02:45.739] [CassandraServerStub-40991-43935-akka.actor.default-dispatcher-20] [akka://CassandraServerStub-40991-43935/user/BinaryTcpListener/127.0.0.1:40850] Client disconnected: PeerClosed
[INFO] [09/01/2017 08:02:45.742] [CassandraServerStub-40991-43935-akka.actor.default-dispatcher-4] [akka://CassandraServerStub-40991-43935/user/BinaryTcpListener/127.0.0.1:40852/$a] Sending ready message to Actor[akka://CassandraServerStub-40991-43935/user/BinaryTcpListener/127.0.0.1:40852#1738816342]
[INFO] [09/01/2017 08:02:45.744] [CassandraServerStub-40991-43935-akka.actor.default-dispatcher-5] [akka://CassandraServerStub-40991-43935/user/BinaryTcpListener/127.0.0.1:40852/$a/$a] No prime found for SELECT * FROM system.local WHERE key='local'
[INFO] [09/01/2017 08:02:45.744] [CassandraServerStub-40991-43935-akka.actor.default-dispatcher-5] [akka://CassandraServerStub-40991-43935/user/BinaryTcpListener/127.0.0.1:40852/$a/$a] Incoming query: SELECT * FROM system.local WHERE key='local' at consistency: org.scassandra.server.cqlmessages.ONE$@1006a4ce
[INFO] [09/01/2017 08:02:45.744] [CassandraServerStub-40991-43935-akka.actor.default-dispatcher-5] [akka://CassandraServerStub-40991-43935/user/BinaryTcpListener/127.0.0.1:40852/$a/$a] No prime found for SELECT * FROM system.peers
08:02:45.744 [Test worker] WARN  c.d.driver.core.ControlConnection - Cannot find Cassandra version for host localhost/127.0.0.1:40991 to parse the schema, using 2.0.0 based on protocol version in use. If parsing the schema fails, this could be the cause
[INFO] [09/01/2017 08:02:45.744] [CassandraServerStub-40991-43935-akka.actor.default-dispatcher-5] [akka://CassandraServerStub-40991-43935/user/BinaryTcpListener/127.0.0.1:40852/$a/$a] Incoming query: SELECT * FROM system.peers at consistency: org.scassandra.server.cqlmessages.ONE$@1006a4ce
[INFO] [09/01/2017 08:02:45.745] [CassandraServerStub-40991-43935-akka.actor.default-dispatcher-20] [akka://CassandraServerStub-40991-43935/user/BinaryTcpListener/127.0.0.1:40852/$a/$a] No prime found for SELECT * FROM system.schema_keyspaces
[INFO] [09/01/2017 08:02:45.745] [CassandraServerStub-40991-43935-akka.actor.default-dispatcher-20] [akka://CassandraServerStub-40991-43935/user/BinaryTcpListener/127.0.0.1:40852/$a/$a] Incoming query: SELECT * FROM system.schema_keyspaces at consistency: org.scassandra.server.cqlmessages.ONE$@1006a4ce
[INFO] [09/01/2017 08:02:45.745] [CassandraServerStub-40991-43935-akka.actor.default-dispatcher-20] [akka://CassandraServerStub-40991-43935/user/BinaryTcpListener/127.0.0.1:40852/$a/$a] No prime found for SELECT * FROM system.schema_columnfamilies
[INFO] [09/01/2017 08:02:45.745] [CassandraServerStub-40991-43935-akka.actor.default-dispatcher-20] [akka://CassandraServerStub-40991-43935/user/BinaryTcpListener/127.0.0.1:40852/$a/$a] Incoming query: SELECT * FROM system.schema_columnfamilies at consistency: org.scassandra.server.cqlmessages.ONE$@1006a4ce
[INFO] [09/01/2017 08:02:45.745] [CassandraServerStub-40991-43935-akka.actor.default-dispatcher-20] [akka://CassandraServerStub-40991-43935/user/BinaryTcpListener/127.0.0.1:40852/$a/$a] No prime found for SELECT * FROM system.schema_columns
[INFO] [09/01/2017 08:02:45.745] [CassandraServerStub-40991-43935-akka.actor.default-dispatcher-20] [akka://CassandraServerStub-40991-43935/user/BinaryTcpListener/127.0.0.1:40852/$a/$a] Incoming query: SELECT * FROM system.schema_columns at consistency: org.scassandra.server.cqlmessages.ONE$@1006a4ce
08:02:45.746 [Test worker] INFO  com.datastax.driver.core.Cluster - New Cassandra host localhost/127.0.0.1:40991 added
[INFO] [09/01/2017 08:02:45.749] [CassandraServerStub-40991-43935-akka.actor.default-dispatcher-7] [akka://CassandraServerStub-40991-43935/user/BinaryTcpListener/127.0.0.1:40854/$a] Sending ready message to Actor[akka://CassandraServerStub-40991-43935/user/BinaryTcpListener/127.0.0.1:40854#-1806586082]
[INFO] [09/01/2017 08:02:45.750] [CassandraServerStub-40991-43935-akka.actor.default-dispatcher-10] [akka://CassandraServerStub-40991-43935/user/BinaryTcpListener/127.0.0.1:40856/$a] Sending ready message to Actor[akka://CassandraServerStub-40991-43935/user/BinaryTcpListener/127.0.0.1:40856#-62543199]
08:02:45.752 [CassandraServerStub-40991-43935-akka.actor.default-dispatcher-10] INFO  o.s.server.priming.ActivityLog - Recording PreparedStatementPreparation(INSERT INTO cqlmigrate.locks (name, client) VALUES (?, ?) IF NOT EXISTS)
[INFO] [09/01/2017 08:02:45.752] [CassandraServerStub-40991-43935-akka.actor.default-dispatcher-10] [akka://CassandraServerStub-40991-43935/user/BinaryTcpListener/$a] Prepared Statement has been prepared: |INSERT INTO cqlmigrate.locks (name, client) VALUES (?, ?) IF NOT EXISTS|. Prepared result is: PreparedResultV2(64,7,keyspace,table,List(CqlText, CqlText))
08:02:45.754 [CassandraServerStub-40991-43935-akka.actor.default-dispatcher-10] INFO  o.s.server.priming.ActivityLog - Recording PreparedStatementPreparation(DELETE FROM cqlmigrate.locks WHERE name = ? IF client = ?)
[INFO] [09/01/2017 08:02:45.754] [CassandraServerStub-40991-43935-akka.actor.default-dispatcher-10] [akka://CassandraServerStub-40991-43935/user/BinaryTcpListener/$a] Prepared Statement has been prepared: |DELETE FROM cqlmigrate.locks WHERE name = ? IF client = ?|. Prepared result is: PreparedResultV2(0,8,keyspace,table,List(CqlText, CqlText))
08:02:45.767 [CassandraServerStub-40991-43935-akka.actor.default-dispatcher-10] INFO  o.s.server.priming.ActivityLog - Clearing prepared statement preparations
08:02:45.768 [Test worker] INFO  o.s.http.client.PrimingClient - Sending {"when":{"query":"DELETE FROM cqlmigrate.locks WHERE name \u003d ? IF client \u003d ?"},"then":{"variable_types":["text","text"],"rows":[{"client":"3439477a-fb6e-4ff3-96bb-58c9f655654a","[applied]":false}],"column_types":{"client":"text","[applied]":"boolean"}}} to url http://localhost:43935/prime-prepared-single
08:02:45.771 [CassandraServerStub-40991-43935-akka.actor.default-dispatcher-10] INFO  o.s.s.cqlmessages.types.ColumnType$ - Type is Some(CqlText)
08:02:45.771 [CassandraServerStub-40991-43935-akka.actor.default-dispatcher-10] INFO  o.s.s.cqlmessages.types.ColumnType$ - Type is Some(CqlText)
08:02:45.771 [CassandraServerStub-40991-43935-akka.actor.default-dispatcher-10] INFO  o.s.s.cqlmessages.types.ColumnType$ - Type is Some(CqlText)
08:02:45.771 [CassandraServerStub-40991-43935-akka.actor.default-dispatcher-10] INFO  o.s.s.cqlmessages.types.ColumnType$ - Type is Some(CqlBoolean)
08:02:45.772 [CassandraServerStub-40991-43935-akka.actor.default-dispatcher-10] INFO  o.s.s.p.prepared.PrimePreparedStore - Storing prime for prepared statement PreparedPrime(List(CqlText, CqlText),Prime(List(Map(client -> 3439477a-fb6e-4ff3-96bb-58c9f655654a, [applied] -> false)),SuccessResult,Map(client -> CqlText, [applied] -> CqlBoolean),,,None,List())) with prime criteria PrimeCriteria(DELETE FROM cqlmigrate.locks WHERE name = ? IF client = ?,List(org.scassandra.server.cqlmessages.ANY$@24c20390, org.scassandra.server.cqlmessages.ONE$@1006a4ce, org.scassandra.server.cqlmessages.TWO$@7a80aae3, org.scassandra.server.cqlmessages.THREE$@42172f91, org.scassandra.server.cqlmessages.QUORUM$@1ab5ec8c, org.scassandra.server.cqlmessages.ALL$@2edfb2c9, org.scassandra.server.cqlmessages.LOCAL_QUORUM$@51f7c243, org.scassandra.server.cqlmessages.EACH_QUORUM$@2a67044b, org.scassandra.server.cqlmessages.SERIAL$@1f034c07, org.scassandra.server.cqlmessages.LOCAL_SERIAL$@4c19fcd4, org.scassandra.server.cqlmessages.LOCAL_ONE$@2313cace),false)
08:02:45.774 [CassandraServerStub-40991-43935-akka.actor.default-dispatcher-25] INFO  o.s.server.priming.ActivityLog - Recording PreparedStatementExecution(DELETE FROM cqlmigrate.locks WHERE name = ? IF client = ?,org.scassandra.server.cqlmessages.LOCAL_ONE$@2313cace,List(Some(lock-keyspace.schema_migration), Some(3439477a-fb6e-4ff3-96bb-58c9f655654a)),List(CqlText, CqlText))
[INFO] [09/01/2017 08:02:45.774] [CassandraServerStub-40991-43935-akka.actor.default-dispatcher-25] [akka://CassandraServerStub-40991-43935/user/BinaryTcpListener/$b] Found prime PreparedPrime(List(CqlText, CqlText),Prime(List(Map(client -> 3439477a-fb6e-4ff3-96bb-58c9f655654a, [applied] -> false)),SuccessResult,Map(client -> CqlText, [applied] -> CqlBoolean),,,None,List()))
08:02:45.775 [Test worker] ERROR u.s.c.CassandraLockingMechanism - Delete lock query did not get applied but client is still 3439477a-fb6e-4ff3-96bb-58c9f655654a. This should never happen.
[INFO] [09/01/2017 08:02:45.777] [CassandraServerStub-40991-43935-akka.actor.default-dispatcher-4] [akka://CassandraServerStub-40991-43935/user/BinaryTcpListener/127.0.0.1:40852] Client disconnected: PeerClosed
[INFO] [09/01/2017 08:02:45.777] [CassandraServerStub-40991-43935-akka.actor.default-dispatcher-7] [akka://CassandraServerStub-40991-43935/user/BinaryTcpListener/127.0.0.1:40854] Client disconnected: PeerClosed
[INFO] [09/01/2017 08:02:45.779] [CassandraServerStub-40991-43935-akka.actor.default-dispatcher-18] [akka://CassandraServerStub-40991-43935/user/BinaryTcpListener/127.0.0.1:40856] Client disconnected: PeerClosed
08:02:48.008 [CassandraServerStub-40991-43935-akka.actor.default-dispatcher-25] INFO  o.s.server.priming.ActivityLog - Clearing prepared statement preparations
08:02:48.009 [Test worker] INFO  c.datastax.driver.core.ClockFactory - Using native clock to generate timestamps.
08:02:48.010 [Test worker] INFO  o.s.http.client.PrimingClient - Sending {"when":{"query":"INSERT INTO cqlmigrate.locks (name, client) VALUES (?, ?) IF NOT EXISTS"},"then":{"variable_types":["text","text"],"rows":[{"[applied]":true}],"column_types":{"[applied]":"boolean"}}} to url http://localhost:43935/prime-prepared-single
08:02:48.013 [CassandraServerStub-40991-43935-akka.actor.default-dispatcher-25] INFO  o.s.s.cqlmessages.types.ColumnType$ - Type is Some(CqlText)
08:02:48.013 [CassandraServerStub-40991-43935-akka.actor.default-dispatcher-25] INFO  o.s.s.cqlmessages.types.ColumnType$ - Type is Some(CqlText)
08:02:48.014 [CassandraServerStub-40991-43935-akka.actor.default-dispatcher-25] INFO  o.s.s.cqlmessages.types.ColumnType$ - Type is Some(CqlBoolean)
08:02:48.014 [CassandraServerStub-40991-43935-akka.actor.default-dispatcher-25] INFO  o.s.s.p.prepared.PrimePreparedStore - Storing prime for prepared statement PreparedPrime(List(CqlText, CqlText),Prime(List(Map([applied] -> true)),SuccessResult,Map([applied] -> CqlBoolean),,,None,List())) with prime criteria PrimeCriteria(INSERT INTO cqlmigrate.locks (name, client) VALUES (?, ?) IF NOT EXISTS,List(org.scassandra.server.cqlmessages.ANY$@24c20390, org.scassandra.server.cqlmessages.ONE$@1006a4ce, org.scassandra.server.cqlmessages.TWO$@7a80aae3, org.scassandra.server.cqlmessages.THREE$@42172f91, org.scassandra.server.cqlmessages.QUORUM$@1ab5ec8c, org.scassandra.server.cqlmessages.ALL$@2edfb2c9, org.scassandra.server.cqlmessages.LOCAL_QUORUM$@51f7c243, org.scassandra.server.cqlmessages.EACH_QUORUM$@2a67044b, org.scassandra.server.cqlmessages.SERIAL$@1f034c07, org.scassandra.server.cqlmessages.LOCAL_SERIAL$@4c19fcd4, org.scassandra.server.cqlmessages.LOCAL_ONE$@2313cace),false)
08:02:48.016 [Test worker] INFO  o.s.http.client.PrimingClient - Sending {"when":{"query":"DELETE FROM cqlmigrate.locks WHERE name \u003d ? IF client \u003d ?"},"then":{"variable_types":["text","text"],"rows":[{"[applied]":true}],"column_types":{"[applied]":"boolean"}}} to url http://localhost:43935/prime-prepared-single
08:02:48.018 [CassandraServerStub-40991-43935-akka.actor.default-dispatcher-4] INFO  o.s.s.cqlmessages.types.ColumnType$ - Type is Some(CqlText)
08:02:48.019 [CassandraServerStub-40991-43935-akka.actor.default-dispatcher-4] INFO  o.s.s.cqlmessages.types.ColumnType$ - Type is Some(CqlText)
08:02:48.019 [CassandraServerStub-40991-43935-akka.actor.default-dispatcher-4] INFO  o.s.s.cqlmessages.types.ColumnType$ - Type is Some(CqlBoolean)
08:02:48.019 [CassandraServerStub-40991-43935-akka.actor.default-dispatcher-4] INFO  o.s.s.p.prepared.PrimePreparedStore - Storing prime for prepared statement PreparedPrime(List(CqlText, CqlText),Prime(List(Map([applied] -> true)),SuccessResult,Map([applied] -> CqlBoolean),,,None,List())) with prime criteria PrimeCriteria(DELETE FROM cqlmigrate.locks WHERE name = ? IF client = ?,List(org.scassandra.server.cqlmessages.ANY$@24c20390, org.scassandra.server.cqlmessages.ONE$@1006a4ce, org.scassandra.server.cqlmessages.TWO$@7a80aae3, org.scassandra.server.cqlmessages.THREE$@42172f91, org.scassandra.server.cqlmessages.QUORUM$@1ab5ec8c, org.scassandra.server.cqlmessages.ALL$@2edfb2c9, org.scassandra.server.cqlmessages.LOCAL_QUORUM$@51f7c243, org.scassandra.server.cqlmessages.EACH_QUORUM$@2a67044b, org.scassandra.server.cqlmessages.SERIAL$@1f034c07, org.scassandra.server.cqlmessages.LOCAL_SERIAL$@4c19fcd4, org.scassandra.server.cqlmessages.LOCAL_ONE$@2313cace),false)
[WARN] [09/01/2017 08:02:48.026] [CassandraServerStub-40991-43935-akka.actor.default-dispatcher-4] [akka://CassandraServerStub-40991-43935/user/BinaryTcpListener/127.0.0.1:40858] Received protocol version 4, currently only one and two supported so sending an unsupported protocol error to get the driver to use an older version of the protocol.
[INFO] [09/01/2017 08:02:48.028] [CassandraServerStub-40991-43935-akka.actor.default-dispatcher-4] [akka://CassandraServerStub-40991-43935/user/BinaryTcpListener/127.0.0.1:40858] Client disconnected: PeerClosed
[INFO] [09/01/2017 08:02:48.030] [CassandraServerStub-40991-43935-akka.actor.default-dispatcher-25] [akka://CassandraServerStub-40991-43935/user/BinaryTcpListener/127.0.0.1:40860/$a] Sending ready message to Actor[akka://CassandraServerStub-40991-43935/user/BinaryTcpListener/127.0.0.1:40860#-1639081761]
[INFO] [09/01/2017 08:02:48.031] [CassandraServerStub-40991-43935-akka.actor.default-dispatcher-4] [akka://CassandraServerStub-40991-43935/user/BinaryTcpListener/127.0.0.1:40860/$a/$a] No prime found for SELECT * FROM system.local WHERE key='local'
[INFO] [09/01/2017 08:02:48.031] [CassandraServerStub-40991-43935-akka.actor.default-dispatcher-4] [akka://CassandraServerStub-40991-43935/user/BinaryTcpListener/127.0.0.1:40860/$a/$a] Incoming query: SELECT * FROM system.local WHERE key='local' at consistency: org.scassandra.server.cqlmessages.ONE$@1006a4ce
[INFO] [09/01/2017 08:02:48.031] [CassandraServerStub-40991-43935-akka.actor.default-dispatcher-4] [akka://CassandraServerStub-40991-43935/user/BinaryTcpListener/127.0.0.1:40860/$a/$a] No prime found for SELECT * FROM system.peers
[INFO] [09/01/2017 08:02:48.031] [CassandraServerStub-40991-43935-akka.actor.default-dispatcher-4] [akka://CassandraServerStub-40991-43935/user/BinaryTcpListener/127.0.0.1:40860/$a/$a] Incoming query: SELECT * FROM system.peers at consistency: org.scassandra.server.cqlmessages.ONE$@1006a4ce
08:02:48.032 [Test worker] WARN  c.d.driver.core.ControlConnection - Cannot find Cassandra version for host localhost/127.0.0.1:40991 to parse the schema, using 2.0.0 based on protocol version in use. If parsing the schema fails, this could be the cause
[INFO] [09/01/2017 08:02:48.033] [CassandraServerStub-40991-43935-akka.actor.default-dispatcher-21] [akka://CassandraServerStub-40991-43935/user/BinaryTcpListener/127.0.0.1:40860/$a/$a] No prime found for SELECT * FROM system.schema_keyspaces
[INFO] [09/01/2017 08:02:48.033] [CassandraServerStub-40991-43935-akka.actor.default-dispatcher-21] [akka://CassandraServerStub-40991-43935/user/BinaryTcpListener/127.0.0.1:40860/$a/$a] Incoming query: SELECT * FROM system.schema_keyspaces at consistency: org.scassandra.server.cqlmessages.ONE$@1006a4ce
[INFO] [09/01/2017 08:02:48.033] [CassandraServerStub-40991-43935-akka.actor.default-dispatcher-21] [akka://CassandraServerStub-40991-43935/user/BinaryTcpListener/127.0.0.1:40860/$a/$a] No prime found for SELECT * FROM system.schema_columnfamilies
[INFO] [09/01/2017 08:02:48.033] [CassandraServerStub-40991-43935-akka.actor.default-dispatcher-21] [akka://CassandraServerStub-40991-43935/user/BinaryTcpListener/127.0.0.1:40860/$a/$a] Incoming query: SELECT * FROM system.schema_columnfamilies at consistency: org.scassandra.server.cqlmessages.ONE$@1006a4ce
[INFO] [09/01/2017 08:02:48.033] [CassandraServerStub-40991-43935-akka.actor.default-dispatcher-21] [akka://CassandraServerStub-40991-43935/user/BinaryTcpListener/127.0.0.1:40860/$a/$a] No prime found for SELECT * FROM system.schema_columns
[INFO] [09/01/2017 08:02:48.033] [CassandraServerStub-40991-43935-akka.actor.default-dispatcher-21] [akka://CassandraServerStub-40991-43935/user/BinaryTcpListener/127.0.0.1:40860/$a/$a] Incoming query: SELECT * FROM system.schema_columns at consistency: org.scassandra.server.cqlmessages.ONE$@1006a4ce
08:02:48.034 [Test worker] INFO  com.datastax.driver.core.Cluster - New Cassandra host localhost/127.0.0.1:40991 added
[INFO] [09/01/2017 08:02:48.040] [CassandraServerStub-40991-43935-akka.actor.default-dispatcher-25] [akka://CassandraServerStub-40991-43935/user/BinaryTcpListener/127.0.0.1:40862/$a] Sending ready message to Actor[akka://CassandraServerStub-40991-43935/user/BinaryTcpListener/127.0.0.1:40862#-1652923392]
[INFO] [09/01/2017 08:02:48.040] [CassandraServerStub-40991-43935-akka.actor.default-dispatcher-4] [akka://CassandraServerStub-40991-43935/user/BinaryTcpListener/127.0.0.1:40864/$a] Sending ready message to Actor[akka://CassandraServerStub-40991-43935/user/BinaryTcpListener/127.0.0.1:40864#-36618640]
08:02:48.042 [CassandraServerStub-40991-43935-akka.actor.default-dispatcher-4] INFO  o.s.server.priming.ActivityLog - Recording PreparedStatementPreparation(INSERT INTO cqlmigrate.locks (name, client) VALUES (?, ?) IF NOT EXISTS)
[INFO] [09/01/2017 08:02:48.042] [CassandraServerStub-40991-43935-akka.actor.default-dispatcher-4] [akka://CassandraServerStub-40991-43935/user/BinaryTcpListener/$a] Prepared Statement has been prepared: |INSERT INTO cqlmigrate.locks (name, client) VALUES (?, ?) IF NOT EXISTS|. Prepared result is: PreparedResultV2(64,9,keyspace,table,List(CqlText, CqlText))
08:02:48.044 [CassandraServerStub-40991-43935-akka.actor.default-dispatcher-4] INFO  o.s.server.priming.ActivityLog - Recording PreparedStatementPreparation(DELETE FROM cqlmigrate.locks WHERE name = ? IF client = ?)
[INFO] [09/01/2017 08:02:48.044] [CassandraServerStub-40991-43935-akka.actor.default-dispatcher-4] [akka://CassandraServerStub-40991-43935/user/BinaryTcpListener/$a] Prepared Statement has been prepared: |DELETE FROM cqlmigrate.locks WHERE name = ? IF client = ?|. Prepared result is: PreparedResultV2(0,10,keyspace,table,List(CqlText, CqlText))
08:02:48.056 [CassandraServerStub-40991-43935-akka.actor.default-dispatcher-14] INFO  o.s.server.priming.ActivityLog - Clearing prepared statement preparations
[INFO] [09/01/2017 08:02:48.058] [CassandraServerStub-40991-43935-akka.actor.default-dispatcher-18] [akka://CassandraServerStub-40991-43935/user/BinaryTcpListener/$b] Found prime PreparedPrime(List(CqlText, CqlText),Prime(List(Map([applied] -> true)),SuccessResult,Map([applied] -> CqlBoolean),,,None,List()))
08:02:48.058 [CassandraServerStub-40991-43935-akka.actor.default-dispatcher-18] INFO  o.s.server.priming.ActivityLog - Recording PreparedStatementExecution(INSERT INTO cqlmigrate.locks (name, client) VALUES (?, ?) IF NOT EXISTS,org.scassandra.server.cqlmessages.LOCAL_ONE$@2313cace,List(Some(lock-keyspace.schema_migration), Some(3439477a-fb6e-4ff3-96bb-58c9f655654a)),List(CqlText, CqlText))
[INFO] [09/01/2017 08:02:48.061] [CassandraServerStub-40991-43935-akka.actor.default-dispatcher-20] [akka://CassandraServerStub-40991-43935/user/BinaryTcpListener/127.0.0.1:40860] Client disconnected: PeerClosed
[INFO] [09/01/2017 08:02:48.061] [CassandraServerStub-40991-43935-akka.actor.default-dispatcher-25] [akka://CassandraServerStub-40991-43935/user/BinaryTcpListener/127.0.0.1:40864] Client disconnected: PeerClosed
[INFO] [09/01/2017 08:02:48.061] [CassandraServerStub-40991-43935-akka.actor.default-dispatcher-5] [akka://CassandraServerStub-40991-43935/user/BinaryTcpListener/127.0.0.1:40862] Client disconnected: PeerClosed
08:02:50.288 [CassandraServerStub-40991-43935-akka.actor.default-dispatcher-19] INFO  o.s.server.priming.ActivityLog - Clearing prepared statement preparations
08:02:50.289 [Test worker] INFO  c.datastax.driver.core.ClockFactory - Using native clock to generate timestamps.
08:02:50.289 [Test worker] INFO  o.s.http.client.PrimingClient - Sending {"when":{"query":"INSERT INTO cqlmigrate.locks (name, client) VALUES (?, ?) IF NOT EXISTS"},"then":{"variable_types":["text","text"],"rows":[{"[applied]":true}],"column_types":{"[applied]":"boolean"}}} to url http://localhost:43935/prime-prepared-single
08:02:50.292 [CassandraServerStub-40991-43935-akka.actor.default-dispatcher-2] INFO  o.s.s.cqlmessages.types.ColumnType$ - Type is Some(CqlText)
08:02:50.292 [CassandraServerStub-40991-43935-akka.actor.default-dispatcher-2] INFO  o.s.s.cqlmessages.types.ColumnType$ - Type is Some(CqlText)
08:02:50.292 [CassandraServerStub-40991-43935-akka.actor.default-dispatcher-2] INFO  o.s.s.cqlmessages.types.ColumnType$ - Type is Some(CqlBoolean)
08:02:50.293 [CassandraServerStub-40991-43935-akka.actor.default-dispatcher-2] INFO  o.s.s.p.prepared.PrimePreparedStore - Storing prime for prepared statement PreparedPrime(List(CqlText, CqlText),Prime(List(Map([applied] -> true)),SuccessResult,Map([applied] -> CqlBoolean),,,None,List())) with prime criteria PrimeCriteria(INSERT INTO cqlmigrate.locks (name, client) VALUES (?, ?) IF NOT EXISTS,List(org.scassandra.server.cqlmessages.ANY$@24c20390, org.scassandra.server.cqlmessages.ONE$@1006a4ce, org.scassandra.server.cqlmessages.TWO$@7a80aae3, org.scassandra.server.cqlmessages.THREE$@42172f91, org.scassandra.server.cqlmessages.QUORUM$@1ab5ec8c, org.scassandra.server.cqlmessages.ALL$@2edfb2c9, org.scassandra.server.cqlmessages.LOCAL_QUORUM$@51f7c243, org.scassandra.server.cqlmessages.EACH_QUORUM$@2a67044b, org.scassandra.server.cqlmessages.SERIAL$@1f034c07, org.scassandra.server.cqlmessages.LOCAL_SERIAL$@4c19fcd4, org.scassandra.server.cqlmessages.LOCAL_ONE$@2313cace),false)
08:02:50.294 [Test worker] INFO  o.s.http.client.PrimingClient - Sending {"when":{"query":"DELETE FROM cqlmigrate.locks WHERE name \u003d ? IF client \u003d ?"},"then":{"variable_types":["text","text"],"rows":[{"[applied]":true}],"column_types":{"[applied]":"boolean"}}} to url http://localhost:43935/prime-prepared-single
08:02:50.296 [CassandraServerStub-40991-43935-akka.actor.default-dispatcher-2] INFO  o.s.s.cqlmessages.types.ColumnType$ - Type is Some(CqlText)
08:02:50.296 [CassandraServerStub-40991-43935-akka.actor.default-dispatcher-2] INFO  o.s.s.cqlmessages.types.ColumnType$ - Type is Some(CqlText)
08:02:50.296 [CassandraServerStub-40991-43935-akka.actor.default-dispatcher-2] INFO  o.s.s.cqlmessages.types.ColumnType$ - Type is Some(CqlBoolean)
08:02:50.297 [CassandraServerStub-40991-43935-akka.actor.default-dispatcher-2] INFO  o.s.s.p.prepared.PrimePreparedStore - Storing prime for prepared statement PreparedPrime(List(CqlText, CqlText),Prime(List(Map([applied] -> true)),SuccessResult,Map([applied] -> CqlBoolean),,,None,List())) with prime criteria PrimeCriteria(DELETE FROM cqlmigrate.locks WHERE name = ? IF client = ?,List(org.scassandra.server.cqlmessages.ANY$@24c20390, org.scassandra.server.cqlmessages.ONE$@1006a4ce, org.scassandra.server.cqlmessages.TWO$@7a80aae3, org.scassandra.server.cqlmessages.THREE$@42172f91, org.scassandra.server.cqlmessages.QUORUM$@1ab5ec8c, org.scassandra.server.cqlmessages.ALL$@2edfb2c9, org.scassandra.server.cqlmessages.LOCAL_QUORUM$@51f7c243, org.scassandra.server.cqlmessages.EACH_QUORUM$@2a67044b, org.scassandra.server.cqlmessages.SERIAL$@1f034c07, org.scassandra.server.cqlmessages.LOCAL_SERIAL$@4c19fcd4, org.scassandra.server.cqlmessages.LOCAL_ONE$@2313cace),false)
[WARN] [09/01/2017 08:02:50.306] [CassandraServerStub-40991-43935-akka.actor.default-dispatcher-2] [akka://CassandraServerStub-40991-43935/user/BinaryTcpListener/127.0.0.1:40866] Received protocol version 4, currently only one and two supported so sending an unsupported protocol error to get the driver to use an older version of the protocol.
[INFO] [09/01/2017 08:02:50.307] [CassandraServerStub-40991-43935-akka.actor.default-dispatcher-2] [akka://CassandraServerStub-40991-43935/user/BinaryTcpListener/127.0.0.1:40866] Client disconnected: PeerClosed
[INFO] [09/01/2017 08:02:50.309] [CassandraServerStub-40991-43935-akka.actor.default-dispatcher-19] [akka://CassandraServerStub-40991-43935/user/BinaryTcpListener/127.0.0.1:40868/$a] Sending ready message to Actor[akka://CassandraServerStub-40991-43935/user/BinaryTcpListener/127.0.0.1:40868#-900364374]
[INFO] [09/01/2017 08:02:50.311] [CassandraServerStub-40991-43935-akka.actor.default-dispatcher-16] [akka://CassandraServerStub-40991-43935/user/BinaryTcpListener/127.0.0.1:40868/$a/$a] No prime found for SELECT * FROM system.local WHERE key='local'
[INFO] [09/01/2017 08:02:50.311] [CassandraServerStub-40991-43935-akka.actor.default-dispatcher-16] [akka://CassandraServerStub-40991-43935/user/BinaryTcpListener/127.0.0.1:40868/$a/$a] Incoming query: SELECT * FROM system.local WHERE key='local' at consistency: org.scassandra.server.cqlmessages.ONE$@1006a4ce
[INFO] [09/01/2017 08:02:50.311] [CassandraServerStub-40991-43935-akka.actor.default-dispatcher-16] [akka://CassandraServerStub-40991-43935/user/BinaryTcpListener/127.0.0.1:40868/$a/$a] No prime found for SELECT * FROM system.peers
08:02:50.311 [Test worker] WARN  c.d.driver.core.ControlConnection - Cannot find Cassandra version for host localhost/127.0.0.1:40991 to parse the schema, using 2.0.0 based on protocol version in use. If parsing the schema fails, this could be the cause
[INFO] [09/01/2017 08:02:50.311] [CassandraServerStub-40991-43935-akka.actor.default-dispatcher-16] [akka://CassandraServerStub-40991-43935/user/BinaryTcpListener/127.0.0.1:40868/$a/$a] Incoming query: SELECT * FROM system.peers at consistency: org.scassandra.server.cqlmessages.ONE$@1006a4ce
[INFO] [09/01/2017 08:02:50.312] [CassandraServerStub-40991-43935-akka.actor.default-dispatcher-14] [akka://CassandraServerStub-40991-43935/user/BinaryTcpListener/127.0.0.1:40868/$a/$a] No prime found for SELECT * FROM system.schema_keyspaces
[INFO] [09/01/2017 08:02:50.312] [CassandraServerStub-40991-43935-akka.actor.default-dispatcher-14] [akka://CassandraServerStub-40991-43935/user/BinaryTcpListener/127.0.0.1:40868/$a/$a] Incoming query: SELECT * FROM system.schema_keyspaces at consistency: org.scassandra.server.cqlmessages.ONE$@1006a4ce
[INFO] [09/01/2017 08:02:50.312] [CassandraServerStub-40991-43935-akka.actor.default-dispatcher-14] [akka://CassandraServerStub-40991-43935/user/BinaryTcpListener/127.0.0.1:40868/$a/$a] No prime found for SELECT * FROM system.schema_columnfamilies
[INFO] [09/01/2017 08:02:50.312] [CassandraServerStub-40991-43935-akka.actor.default-dispatcher-14] [akka://CassandraServerStub-40991-43935/user/BinaryTcpListener/127.0.0.1:40868/$a/$a] Incoming query: SELECT * FROM system.schema_columnfamilies at consistency: org.scassandra.server.cqlmessages.ONE$@1006a4ce
[INFO] [09/01/2017 08:02:50.312] [CassandraServerStub-40991-43935-akka.actor.default-dispatcher-14] [akka://CassandraServerStub-40991-43935/user/BinaryTcpListener/127.0.0.1:40868/$a/$a] No prime found for SELECT * FROM system.schema_columns
[INFO] [09/01/2017 08:02:50.312] [CassandraServerStub-40991-43935-akka.actor.default-dispatcher-14] [akka://CassandraServerStub-40991-43935/user/BinaryTcpListener/127.0.0.1:40868/$a/$a] Incoming query: SELECT * FROM system.schema_columns at consistency: org.scassandra.server.cqlmessages.ONE$@1006a4ce
08:02:50.313 [Test worker] INFO  com.datastax.driver.core.Cluster - New Cassandra host localhost/127.0.0.1:40991 added
[INFO] [09/01/2017 08:02:50.317] [CassandraServerStub-40991-43935-akka.actor.default-dispatcher-19] [akka://CassandraServerStub-40991-43935/user/BinaryTcpListener/127.0.0.1:40870/$a] Sending ready message to Actor[akka://CassandraServerStub-40991-43935/user/BinaryTcpListener/127.0.0.1:40870#-1545711209]
[INFO] [09/01/2017 08:02:50.318] [CassandraServerStub-40991-43935-akka.actor.default-dispatcher-2] [akka://CassandraServerStub-40991-43935/user/BinaryTcpListener/127.0.0.1:40872/$a] Sending ready message to Actor[akka://CassandraServerStub-40991-43935/user/BinaryTcpListener/127.0.0.1:40872#1802622269]
[...]
[INFO] [09/01/2017 08:03:06.355] [CassandraServerStub-40991-43935-akka.actor.default-dispatcher-26] [akka://CassandraServerStub-40991-43935/user/BinaryTcpListener/127.0.0.1:40924/$a/$a] Incoming query: SELECT * FROM system.peers at consistency: org.scassandra.server.cqlmessages.ONE$@1006a4ce
08:03:06.356 [Test worker] WARN  c.d.driver.core.ControlConnection - Cannot find Cassandra version for host localhost/127.0.0.1:40991 to parse the schema, using 2.0.0 based on protocol version in use. If parsing the schema fails, this could be the cause
[INFO] [09/01/2017 08:03:06.356] [CassandraServerStub-40991-43935-akka.actor.default-dispatcher-14] [akka://CassandraServerStub-40991-43935/user/BinaryTcpListener/127.0.0.1:40924/$a/$a] No prime found for SELECT * FROM system.schema_keyspaces
[INFO] [09/01/2017 08:03:06.356] [CassandraServerStub-40991-43935-akka.actor.default-dispatcher-14] [akka://CassandraServerStub-40991-43935/user/BinaryTcpListener/127.0.0.1:40924/$a/$a] Incoming query: SELECT * FROM system.schema_keyspaces at consistency: org.scassandra.server.cqlmessages.ONE$@1006a4ce
[INFO] [09/01/2017 08:03:06.356] [CassandraServerStub-40991-43935-akka.actor.default-dispatcher-14] [akka://CassandraServerStub-40991-43935/user/BinaryTcpListener/127.0.0.1:40924/$a/$a] No prime found for SELECT * FROM system.schema_columnfamilies
[INFO] [09/01/2017 08:03:06.356] [CassandraServerStub-40991-43935-akka.actor.default-dispatcher-14] [akka://CassandraServerStub-40991-43935/user/BinaryTcpListener/127.0.0.1:40924/$a/$a] Incoming query: SELECT * FROM system.schema_columnfamilies at consistency: org.scassandra.server.cqlmessages.ONE$@1006a4ce
[INFO] [09/01/2017 08:03:06.356] [CassandraServerStub-40991-43935-akka.actor.default-dispatcher-14] [akka://CassandraServerStub-40991-43935/user/BinaryTcpListener/127.0.0.1:40924/$a/$a] No prime found for SELECT * FROM system.schema_columns
[INFO] [09/01/2017 08:03:06.356] [CassandraServerStub-40991-43935-akka.actor.default-dispatcher-14] [akka://CassandraServerStub-40991-43935/user/BinaryTcpListener/127.0.0.1:40924/$a/$a] Incoming query: SELECT * FROM system.schema_columns at consistency: org.scassandra.server.cqlmessages.ONE$@1006a4ce
08:03:06.357 [Test worker] INFO  com.datastax.driver.core.Cluster - New Cassandra host localhost/127.0.0.1:40991 added
[INFO] [09/01/2017 08:03:06.359] [CassandraServerStub-40991-43935-akka.actor.default-dispatcher-22] [akka://CassandraServerStub-40991-43935/user/BinaryTcpListener/127.0.0.1:40926/$a] Sending ready message to Actor[akka://CassandraServerStub-40991-43935/user/BinaryTcpListener/127.0.0.1:40926#-310923260]
[INFO] [09/01/2017 08:03:06.360] [CassandraServerStub-40991-43935-akka.actor.default-dispatcher-25] [akka://CassandraServerStub-40991-43935/user/BinaryTcpListener/127.0.0.1:40928/$a] Sending ready message to Actor[akka://CassandraServerStub-40991-43935/user/BinaryTcpListener/127.0.0.1:40928#-927897386]
08:03:06.362 [CassandraServerStub-40991-43935-akka.actor.default-dispatcher-15] INFO  o.s.server.priming.ActivityLog - Recording PreparedStatementPreparation(INSERT INTO cqlmigrate.locks (name, client) VALUES (?, ?) IF NOT EXISTS)
[INFO] [09/01/2017 08:03:06.362] [CassandraServerStub-40991-43935-akka.actor.default-dispatcher-15] [akka://CassandraServerStub-40991-43935/user/BinaryTcpListener/$a] Prepared Statement has been prepared: |INSERT INTO cqlmigrate.locks (name, client) VALUES (?, ?) IF NOT EXISTS|. Prepared result is: PreparedResultV2(64,27,keyspace,table,List(CqlText, CqlText))
08:03:06.365 [CassandraServerStub-40991-43935-akka.actor.default-dispatcher-19] INFO  o.s.server.priming.ActivityLog - Recording PreparedStatementPreparation(DELETE FROM cqlmigrate.locks WHERE name = ? IF client = ?)
[INFO] [09/01/2017 08:03:06.365] [CassandraServerStub-40991-43935-akka.actor.default-dispatcher-19] [akka://CassandraServerStub-40991-43935/user/BinaryTcpListener/$a] Prepared Statement has been prepared: |DELETE FROM cqlmigrate.locks WHERE name = ? IF client = ?|. Prepared result is: PreparedResultV2(0,28,keyspace,table,List(CqlText, CqlText))
08:03:06.376 [CassandraServerStub-40991-43935-akka.actor.default-dispatcher-18] INFO  o.s.server.priming.ActivityLog - Clearing prepared statement preparations
08:03:06.378 [CassandraServerStub-40991-43935-akka.actor.default-dispatcher-19] INFO  o.s.server.priming.ActivityLog - Recording PreparedStatementPreparation(INSERT INTO cqlmigrate.locks (name, client) VALUES (?, ?) IF NOT EXISTS)
[INFO] [09/01/2017 08:03:06.378] [CassandraServerStub-40991-43935-akka.actor.default-dispatcher-19] [akka://CassandraServerStub-40991-43935/user/BinaryTcpListener/$a] Prepared Statement has been prepared: |INSERT INTO cqlmigrate.locks (name, client) VALUES (?, ?) IF NOT EXISTS|. Prepared result is: PreparedResultV2(64,29,keyspace,table,List(CqlText, CqlText))
08:03:06.380 [CassandraServerStub-40991-43935-akka.actor.default-dispatcher-18] INFO  o.s.server.priming.ActivityLog - Recording PreparedStatementPreparation(DELETE FROM cqlmigrate.locks WHERE name = ? IF client = ?)
[INFO] [09/01/2017 08:03:06.380] [CassandraServerStub-40991-43935-akka.actor.default-dispatcher-18] [akka://CassandraServerStub-40991-43935/user/BinaryTcpListener/$a] Prepared Statement has been prepared: |DELETE FROM cqlmigrate.locks WHERE name = ? IF client = ?|. Prepared result is: PreparedResultV2(0,30,keyspace,table,List(CqlText, CqlText))
[INFO] [09/01/2017 08:03:06.385] [CassandraServerStub-40991-43935-akka.actor.default-dispatcher-22] [akka://CassandraServerStub-40991-43935/user/BinaryTcpListener/127.0.0.1:40926] Client disconnected: PeerClosed
[INFO] [09/01/2017 08:03:06.385] [CassandraServerStub-40991-43935-akka.actor.default-dispatcher-10] [akka://CassandraServerStub-40991-43935/user/BinaryTcpListener/127.0.0.1:40928] Client disconnected: PeerClosed
[INFO] [09/01/2017 08:03:06.385] [CassandraServerStub-40991-43935-akka.actor.default-dispatcher-19] [akka://CassandraServerStub-40991-43935/user/BinaryTcpListener/127.0.0.1:40924] Client disconnected: PeerClosed
08:03:08.611 [CassandraServerStub-40991-43935-akka.actor.default-dispatcher-26] INFO  o.s.server.priming.ActivityLog - Clearing prepared statement preparations
08:03:08.612 [Test worker] INFO  c.datastax.driver.core.ClockFactory - Using native clock to generate timestamps.
08:03:08.612 [Test worker] INFO  o.s.http.client.PrimingClient - Sending {"when":{"query":"INSERT INTO cqlmigrate.locks (name, client) VALUES (?, ?) IF NOT EXISTS"},"then":{"variable_types":["text","text"],"rows":[{"[applied]":true}],"column_types":{"[applied]":"boolean"}}} to url http://localhost:43935/prime-prepared-single
08:03:08.615 [CassandraServerStub-40991-43935-akka.actor.default-dispatcher-10] INFO  o.s.s.cqlmessages.types.ColumnType$ - Type is Some(CqlText)
08:03:08.615 [CassandraServerStub-40991-43935-akka.actor.default-dispatcher-10] INFO  o.s.s.cqlmessages.types.ColumnType$ - Type is Some(CqlText)
08:03:08.615 [CassandraServerStub-40991-43935-akka.actor.default-dispatcher-10] INFO  o.s.s.cqlmessages.types.ColumnType$ - Type is Some(CqlBoolean)
08:03:08.615 [CassandraServerStub-40991-43935-akka.actor.default-dispatcher-10] INFO  o.s.s.p.prepared.PrimePreparedStore - Storing prime for prepared statement PreparedPrime(List(CqlText, CqlText),Prime(List(Map([applied] -> true)),SuccessResult,Map([applied] -> CqlBoolean),,,None,List())) with prime criteria PrimeCriteria(INSERT INTO cqlmigrate.locks (name, client) VALUES (?, ?) IF NOT EXISTS,List(org.scassandra.server.cqlmessages.ANY$@24c20390, org.scassandra.server.cqlmessages.ONE$@1006a4ce, org.scassandra.server.cqlmessages.TWO$@7a80aae3, org.scassandra.server.cqlmessages.THREE$@42172f91, org.scassandra.server.cqlmessages.QUORUM$@1ab5ec8c, org.scassandra.server.cqlmessages.ALL$@2edfb2c9, org.scassandra.server.cqlmessages.LOCAL_QUORUM$@51f7c243, org.scassandra.server.cqlmessages.EACH_QUORUM$@2a67044b, org.scassandra.server.cqlmessages.SERIAL$@1f034c07, org.scassandra.server.cqlmessages.LOCAL_SERIAL$@4c19fcd4, org.scassandra.server.cqlmessages.LOCAL_ONE$@2313cace),false)
08:03:08.616 [Test worker] INFO  o.s.http.client.PrimingClient - Sending {"when":{"query":"DELETE FROM cqlmigrate.locks WHERE name \u003d ? IF client \u003d ?"},"then":{"variable_types":["text","text"],"rows":[{"[applied]":true}],"column_types":{"[applied]":"boolean"}}} to url http://localhost:43935/prime-prepared-single
08:03:08.619 [CassandraServerStub-40991-43935-akka.actor.default-dispatcher-26] INFO  o.s.s.cqlmessages.types.ColumnType$ - Type is Some(CqlText)
08:03:08.619 [CassandraServerStub-40991-43935-akka.actor.default-dispatcher-26] INFO  o.s.s.cqlmessages.types.ColumnType$ - Type is Some(CqlText)
08:03:08.619 [CassandraServerStub-40991-43935-akka.actor.default-dispatcher-26] INFO  o.s.s.cqlmessages.types.ColumnType$ - Type is Some(CqlBoolean)
08:03:08.620 [CassandraServerStub-40991-43935-akka.actor.default-dispatcher-26] INFO  o.s.s.p.prepared.PrimePreparedStore - Storing prime for prepared statement PreparedPrime(List(CqlText, CqlText),Prime(List(Map([applied] -> true)),SuccessResult,Map([applied] -> CqlBoolean),,,None,List())) with prime criteria PrimeCriteria(DELETE FROM cqlmigrate.locks WHERE name = ? IF client = ?,List(org.scassandra.server.cqlmessages.ANY$@24c20390, org.scassandra.server.cqlmessages.ONE$@1006a4ce, org.scassandra.server.cqlmessages.TWO$@7a80aae3, org.scassandra.server.cqlmessages.THREE$@42172f91, org.scassandra.server.cqlmessages.QUORUM$@1ab5ec8c, org.scassandra.server.cqlmessages.ALL$@2edfb2c9, org.scassandra.server.cqlmessages.LOCAL_QUORUM$@51f7c243, org.scassandra.server.cqlmessages.EACH_QUORUM$@2a67044b, org.scassandra.server.cqlmessages.SERIAL$@1f034c07, org.scassandra.server.cqlmessages.LOCAL_SERIAL$@4c19fcd4, org.scassandra.server.cqlmessages.LOCAL_ONE$@2313cace),false)
[WARN] [09/01/2017 08:03:08.626] [CassandraServerStub-40991-43935-akka.actor.default-dispatcher-14] [akka://CassandraServerStub-40991-43935/user/BinaryTcpListener/127.0.0.1:40930] Received protocol version 4, currently only one and two supported so sending an unsupported protocol error to get the driver to use an older version of the protocol.
[INFO] [09/01/2017 08:03:08.627] [CassandraServerStub-40991-43935-akka.actor.default-dispatcher-14] [akka://CassandraServerStub-40991-43935/user/BinaryTcpListener/127.0.0.1:40930] Client disconnected: PeerClosed
[INFO] [09/01/2017 08:03:08.628] [CassandraServerStub-40991-43935-akka.actor.default-dispatcher-5] [akka://CassandraServerStub-40991-43935/user/BinaryTcpListener/127.0.0.1:40932/$a] Sending ready message to Actor[akka://CassandraServerStub-40991-43935/user/BinaryTcpListener/127.0.0.1:40932#1701537310]
[INFO] [09/01/2017 08:03:08.630] [CassandraServerStub-40991-43935-akka.actor.default-dispatcher-9] [akka://CassandraServerStub-40991-43935/user/BinaryTcpListener/127.0.0.1:40932/$a/$a] No prime found for SELECT * FROM system.local WHERE key='local'
[INFO] [09/01/2017 08:03:08.630] [CassandraServerStub-40991-43935-akka.actor.default-dispatcher-9] [akka://CassandraServerStub-40991-43935/user/BinaryTcpListener/127.0.0.1:40932/$a/$a] Incoming query: SELECT * FROM system.local WHERE key='local' at consistency: org.scassandra.server.cqlmessages.ONE$@1006a4ce
[INFO] [09/01/2017 08:03:08.630] [CassandraServerStub-40991-43935-akka.actor.default-dispatcher-9] [akka://CassandraServerStub-40991-43935/user/BinaryTcpListener/127.0.0.1:40932/$a/$a] No prime found for SELECT * FROM system.peers
[INFO] [09/01/2017 08:03:08.630] [CassandraServerStub-40991-43935-akka.actor.default-dispatcher-9] [akka://CassandraServerStub-40991-43935/user/BinaryTcpListener/127.0.0.1:40932/$a/$a] Incoming query: SELECT * FROM system.peers at consistency: org.scassandra.server.cqlmessages.ONE$@1006a4ce
08:03:08.630 [Test worker] WARN  c.d.driver.core.ControlConnection - Cannot find Cassandra version for host localhost/127.0.0.1:40991 to parse the schema, using 2.0.0 based on protocol version in use. If parsing the schema fails, this could be the cause
[INFO] [09/01/2017 08:03:08.631] [CassandraServerStub-40991-43935-akka.actor.default-dispatcher-5] [akka://CassandraServerStub-40991-43935/user/BinaryTcpListener/127.0.0.1:40932/$a/$a] No prime found for SELECT * FROM system.schema_keyspaces
[INFO] [09/01/2017 08:03:08.631] [CassandraServerStub-40991-43935-akka.actor.default-dispatcher-5] [akka://CassandraServerStub-40991-43935/user/BinaryTcpListener/127.0.0.1:40932/$a/$a] Incoming query: SELECT * FROM system.schema_keyspaces at consistency: org.scassandra.server.cqlmessages.ONE$@1006a4ce
[INFO] [09/01/2017 08:03:08.631] [CassandraServerStub-40991-43935-akka.actor.default-dispatcher-5] [akka://CassandraServerStub-40991-43935/user/BinaryTcpListener/127.0.0.1:40932/$a/$a] No prime found for SELECT * FROM system.schema_columnfamilies
[INFO] [09/01/2017 08:03:08.631] [CassandraServerStub-40991-43935-akka.actor.default-dispatcher-5] [akka://CassandraServerStub-40991-43935/user/BinaryTcpListener/127.0.0.1:40932/$a/$a] Incoming query: SELECT * FROM system.schema_columnfamilies at consistency: org.scassandra.server.cqlmessages.ONE$@1006a4ce
[INFO] [09/01/2017 08:03:08.631] [CassandraServerStub-40991-43935-akka.actor.default-dispatcher-5] [akka://CassandraServerStub-40991-43935/user/BinaryTcpListener/127.0.0.1:40932/$a/$a] No prime found for SELECT * FROM system.schema_columns
[INFO] [09/01/2017 08:03:08.631] [CassandraServerStub-40991-43935-akka.actor.default-dispatcher-5] [akka://CassandraServerStub-40991-43935/user/BinaryTcpListener/127.0.0.1:40932/$a/$a] Incoming query: SELECT * FROM system.schema_columns at consistency: org.scassandra.server.cqlmessages.ONE$@1006a4ce
08:03:08.631 [Test worker] INFO  com.datastax.driver.core.Cluster - New Cassandra host localhost/127.0.0.1:40991 added
[INFO] [09/01/2017 08:03:08.633] [CassandraServerStub-40991-43935-akka.actor.default-dispatcher-21] [akka://CassandraServerStub-40991-43935/user/BinaryTcpListener/127.0.0.1:40934/$a] Sending ready message to Actor[akka://CassandraServerStub-40991-43935/user/BinaryTcpListener/127.0.0.1:40934#-1740751272]
[INFO] [09/01/2017 08:03:08.633] [CassandraServerStub-40991-43935-akka.actor.default-dispatcher-26] [akka://CassandraServerStub-40991-43935/user/BinaryTcpListener/127.0.0.1:40936/$a] Sending ready message to Actor[akka://CassandraServerStub-40991-43935/user/BinaryTcpListener/127.0.0.1:40936#1480525332]
08:03:08.635 [CassandraServerStub-40991-43935-akka.actor.default-dispatcher-5] INFO  o.s.server.priming.ActivityLog - Recording PreparedStatementPreparation(INSERT INTO cqlmigrate.locks (name, client) VALUES (?, ?) IF NOT EXISTS)
[INFO] [09/01/2017 08:03:08.635] [CassandraServerStub-40991-43935-akka.actor.default-dispatcher-5] [akka://CassandraServerStub-40991-43935/user/BinaryTcpListener/$a] Prepared Statement has been prepared: |INSERT INTO cqlmigrate.locks (name, client) VALUES (?, ?) IF NOT EXISTS|. Prepared result is: PreparedResultV2(64,31,keyspace,table,List(CqlText, CqlText))
08:03:08.636 [CassandraServerStub-40991-43935-akka.actor.default-dispatcher-5] INFO  o.s.server.priming.ActivityLog - Recording PreparedStatementPreparation(DELETE FROM cqlmigrate.locks WHERE name = ? IF client = ?)
[INFO] [09/01/2017 08:03:08.636] [CassandraServerStub-40991-43935-akka.actor.default-dispatcher-5] [akka://CassandraServerStub-40991-43935/user/BinaryTcpListener/$a] Prepared Statement has been prepared: |DELETE FROM cqlmigrate.locks WHERE name = ? IF client = ?|. Prepared result is: PreparedResultV2(0,32,keyspace,table,List(CqlText, CqlText))
08:03:08.647 [CassandraServerStub-40991-43935-akka.actor.default-dispatcher-5] INFO  o.s.server.priming.ActivityLog - Clearing prepared statement preparations
08:03:08.648 [Test worker] INFO  o.s.http.client.PrimingClient - Sending {"when":{"query":"INSERT INTO cqlmigrate.locks (name, client) VALUES (?, ?) IF NOT EXISTS"},"then":{"result":"write_request_timeout"}} to url http://localhost:43935/prime-prepared-single
08:03:08.650 [CassandraServerStub-40991-43935-akka.actor.default-dispatcher-5] INFO  o.s.s.p.prepared.PrimePreparedStore - Storing prime for prepared statement PreparedPrime(List(CqlVarchar, CqlVarchar),Prime(List(),WriteRequestTimeoutResult(0,1,SIMPLE,None),Map(),,,None,List())) with prime criteria PrimeCriteria(INSERT INTO cqlmigrate.locks (name, client) VALUES (?, ?) IF NOT EXISTS,List(org.scassandra.server.cqlmessages.ANY$@24c20390, org.scassandra.server.cqlmessages.ONE$@1006a4ce, org.scassandra.server.cqlmessages.TWO$@7a80aae3, org.scassandra.server.cqlmessages.THREE$@42172f91, org.scassandra.server.cqlmessages.QUORUM$@1ab5ec8c, org.scassandra.server.cqlmessages.ALL$@2edfb2c9, org.scassandra.server.cqlmessages.LOCAL_QUORUM$@51f7c243, org.scassandra.server.cqlmessages.EACH_QUORUM$@2a67044b, org.scassandra.server.cqlmessages.SERIAL$@1f034c07, org.scassandra.server.cqlmessages.LOCAL_SERIAL$@4c19fcd4, org.scassandra.server.cqlmessages.LOCAL_ONE$@2313cace),false)
[INFO] [09/01/2017 08:03:08.652] [CassandraServerStub-40991-43935-akka.actor.default-dispatcher-5] [akka://CassandraServerStub-40991-43935/user/BinaryTcpListener/$b] Found prime PreparedPrime(List(CqlVarchar, CqlVarchar),Prime(List(),WriteRequestTimeoutResult(0,1,SIMPLE,None),Map(),,,None,List()))
08:03:08.652 [CassandraServerStub-40991-43935-akka.actor.default-dispatcher-5] INFO  o.s.server.priming.ActivityLog - Recording PreparedStatementExecution(INSERT INTO cqlmigrate.locks (name, client) VALUES (?, ?) IF NOT EXISTS,org.scassandra.server.cqlmessages.LOCAL_ONE$@2313cace,List(Some(lock-keyspace.schema_migration), Some(3439477a-fb6e-4ff3-96bb-58c9f655654a)),List(CqlVarchar, CqlVarchar))
08:03:08.653 [Test worker] WARN  u.s.c.CassandraLockingMechanism - Query to acquire lock for 3439477a-fb6e-4ff3-96bb-58c9f655654a failed to execute: Cassandra timeout during write query at consistency LOCAL_ONE (1 replica were required but only 0 acknowledged the write)
[INFO] [09/01/2017 08:03:08.654] [CassandraServerStub-40991-43935-akka.actor.default-dispatcher-5] [akka://CassandraServerStub-40991-43935/user/BinaryTcpListener/127.0.0.1:40932] Client disconnected: PeerClosed
[INFO] [09/01/2017 08:03:08.654] [CassandraServerStub-40991-43935-akka.actor.default-dispatcher-15] [akka://CassandraServerStub-40991-43935/user/BinaryTcpListener/127.0.0.1:40934] Client disconnected: PeerClosed
[INFO] [09/01/2017 08:03:08.654] [CassandraServerStub-40991-43935-akka.actor.default-dispatcher-14] [akka://CassandraServerStub-40991-43935/user/BinaryTcpListener/127.0.0.1:40936] Client disconnected: PeerClosed
[INFO] [09/01/2017 08:03:10.862] [CassandraServerStub-40991-43935-akka.actor.default-dispatcher-17] [akka://CassandraServerStub-40991-43935/user/IO-HTTP/listener-0/1] Message [akka.actor.Terminated] from Actor[akka://CassandraServerStub-40991-43935/user/PrimingServer/$a#1653321908] to Actor[akka://CassandraServerStub-40991-43935/user/IO-HTTP/listener-0/1#-1808625429] was not delivered. [1] dead letters encountered. This logging can be turned off or adjusted with configuration settings 'akka.log-dead-letters' and 'akka.log-dead-letters-during-shutdown'.
[INFO] [09/01/2017 08:03:10.863] [CassandraServerStub-40991-43935-akka.actor.default-dispatcher-5] [akka://CassandraServerStub-40991-43935/user/IO-HTTP/listener-0/0] Message [akka.actor.Terminated] from Actor[akka://CassandraServerStub-40991-43935/user/PrimingServer/$a#1653321908] to Actor[akka://CassandraServerStub-40991-43935/user/IO-HTTP/listener-0/0#-502063986] was not delivered. [2] dead letters encountered. This logging can be turned off or adjusted with configuration settings 'akka.log-dead-letters' and 'akka.log-dead-letters-during-shutdown'.
08:03:10.870 [Test worker] INFO  o.scassandra.server.ServerStubRunner - Server is shut down
]]></system-out>
  <system-err><![CDATA[]]></system-err>
</testsuite>
